2023.11.01 19:42:10 INFO  Started: Metals version 1.1.0 in folders '/home/dio/Documents/it/languages/scala/uni/SE/ha01/arithmetic' for client Visual Studio Code 1.83.1.
2023.11.01 19:42:12 WARN  Build server is not auto-connectable.
2023.11.01 19:50:34 WARN  no build target for: /home/dio/Documents/it/languages/scala/uni/SE/ha01/arithmetic/src/main/scala/Main.scala
2023.11.01 19:50:42 INFO  no build target found for /home/dio/Documents/it/languages/scala/uni/SE/ha01/arithmetic/src/main/scala/Main.scala. Using presentation compiler with project's scala-library version: 3.3.1
Nov 01, 2023 7:50:44 PM org.eclipse.lsp4j.jsonrpc.RemoteEndpoint handleCancellation
WARNING: Unmatched cancel notification for request id 4
Nov 01, 2023 7:50:44 PM org.eclipse.lsp4j.jsonrpc.RemoteEndpoint handleCancellation
WARNING: Unmatched cancel notification for request id 1
Nov 01, 2023 7:50:44 PM org.eclipse.lsp4j.jsonrpc.RemoteEndpoint handleCancellation
WARNING: Unmatched cancel notification for request id 6
2023.11.01 19:50:44 WARN  no build target for: /home/dio/Documents/it/languages/scala/uni/SE/ha01/arithmetic/src/main/scala/Main.scala
Nov 01, 2023 7:50:44 PM org.eclipse.lsp4j.jsonrpc.RemoteEndpoint handleCancellation
WARNING: Unmatched cancel notification for request id 8
2023.11.01 19:50:47 WARN  no build target for: /home/dio/Documents/it/languages/scala/uni/SE/ha01/arithmetic/src/main/scala/Main.scala
2023.11.01 19:50:52 INFO  time: code lens generation in 8.77s
2023.11.01 19:50:52 INFO  time: code lens generation in 4.38s
2023.11.01 19:50:52 INFO  time: code lens generation in 8.32s
Nov 01, 2023 7:50:52 PM org.eclipse.lsp4j.jsonrpc.RemoteEndpoint handleCancellation
WARNING: Unmatched cancel notification for request id 24
Nov 01, 2023 7:50:59 PM org.eclipse.lsp4j.jsonrpc.RemoteEndpoint handleCancellation
WARNING: Unmatched cancel notification for request id 33
Nov 01, 2023 7:51:00 PM org.eclipse.lsp4j.jsonrpc.RemoteEndpoint handleCancellation
WARNING: Unmatched cancel notification for request id 35
Nov 01, 2023 7:51:00 PM org.eclipse.lsp4j.jsonrpc.RemoteEndpoint handleCancellation
WARNING: Unmatched cancel notification for request id 36
Nov 01, 2023 7:51:00 PM org.eclipse.lsp4j.jsonrpc.RemoteEndpoint handleCancellation
WARNING: Unmatched cancel notification for request id 37
2023.11.01 19:51:13 WARN  no build target for: /home/dio/Documents/it/languages/scala/uni/SE/ha01/arithmetic/src/main/scala/Main.scala
2023.11.01 20:04:17 WARN  no build target for: /home/dio/Documents/it/languages/scala/uni/SE/ha01/arithmetic/src/main/scala/Main.scala
2023.11.01 20:13:10 WARN  no build target for: /home/dio/Documents/it/languages/scala/uni/SE/ha01/arithmetic/src/main/scala/Main.scala
Nov 01, 2023 8:15:04 PM org.eclipse.lsp4j.jsonrpc.RemoteEndpoint handleCancellation
WARNING: Unmatched cancel notification for request id 411
Nov 01, 2023 8:15:04 PM org.eclipse.lsp4j.jsonrpc.RemoteEndpoint handleCancellation
WARNING: Unmatched cancel notification for request id 415
Exception in thread "pool-3-thread-1" java.lang.InterruptedException
	at scala.meta.internal.metals.FutureCancelToken.checkCanceled(FutureCancelToken.scala:29)
	at scala.meta.internal.pc.CompilerAccess.onCompilerJobQueue$$anonfun$1(CompilerAccess.scala:230)
	at scala.meta.internal.pc.CompilerJobQueue$Job.run(CompilerJobQueue.scala:152)
	at java.base/java.util.concurrent.ThreadPoolExecutor.runWorker(ThreadPoolExecutor.java:1128)
	at java.base/java.util.concurrent.ThreadPoolExecutor$Worker.run(ThreadPoolExecutor.java:628)
	at java.base/java.lang.Thread.run(Thread.java:829)
2023.11.01 20:15:34 WARN  no build target for: /home/dio/Documents/it/languages/scala/uni/SE/ha01/arithmetic/src/main/scala/Main.scala
2023.11.01 20:19:01 WARN  no build target for: /home/dio/Documents/it/languages/scala/uni/SE/ha01/arithmetic/src/main/scala/Main.scala
2023.11.01 20:20:05 WARN  no build target for: /home/dio/Documents/it/languages/scala/uni/SE/ha01/arithmetic/src/main/scala/Main.scala
2023.11.01 20:27:35 WARN  no build target for: /home/dio/Documents/it/languages/scala/uni/SE/ha01/arithmetic/src/main/scala/Main.scala
2023.11.01 20:31:02 WARN  no build target for: /home/dio/Documents/it/languages/scala/uni/SE/ha01/arithmetic/src/main/scala/Main.scala
2023.11.01 20:31:16 WARN  no build target for: /home/dio/Documents/it/languages/scala/uni/SE/ha01/arithmetic/src/main/scala/Main.scala
2023.11.01 20:32:09 WARN  no build target for: /home/dio/Documents/it/languages/scala/uni/SE/ha01/arithmetic/src/main/scala/Main.scala
2023.11.01 20:33:06 WARN  no build target for: /home/dio/Documents/it/languages/scala/uni/SE/ha01/arithmetic/src/main/scala/Main.scala
2023.11.01 20:34:03 WARN  no build target for: /home/dio/Documents/it/languages/scala/uni/SE/ha01/arithmetic/src/main/scala/Main.scala
2023.11.01 20:34:22 WARN  no build target for: /home/dio/Documents/it/languages/scala/uni/SE/ha01/arithmetic/src/main/scala/Main.scala
Nov 01, 2023 8:34:34 PM org.eclipse.lsp4j.jsonrpc.RemoteEndpoint handleCancellation
WARNING: Unmatched cancel notification for request id 1302
Nov 01, 2023 8:34:43 PM org.eclipse.lsp4j.jsonrpc.RemoteEndpoint handleCancellation
WARNING: Unmatched cancel notification for request id 1343
2023.11.01 20:35:01 WARN  no build target for: /home/dio/Documents/it/languages/scala/uni/SE/ha01/arithmetic/src/main/scala/Main.scala
2023.11.01 20:35:23 WARN  no build target for: /home/dio/Documents/it/languages/scala/uni/SE/ha01/arithmetic/src/main/scala/Main.scala
2023.11.01 20:44:53 WARN  no build target for: /home/dio/Documents/it/languages/scala/uni/SE/ha01/arithmetic/build.sbt
2023.11.01 20:44:53 WARN  Could not find semantic tokens for: file:///home/dio/Documents/it/languages/scala/uni/SE/ha01/arithmetic/build.sbt
2023.11.01 20:44:53 WARN  Could not find semantic tokens for: file:///home/dio/Documents/it/languages/scala/uni/SE/ha01/arithmetic/build.sbt
2023.11.01 20:45:05 WARN  Could not find semantic tokens for: file:///home/dio/Documents/it/languages/scala/uni/SE/ha01/arithmetic/build.sbt
2023.11.01 20:45:07 WARN  Could not find semantic tokens for: file:///home/dio/Documents/it/languages/scala/uni/SE/ha01/arithmetic/build.sbt
2023.11.01 20:45:09 WARN  Could not find semantic tokens for: file:///home/dio/Documents/it/languages/scala/uni/SE/ha01/arithmetic/build.sbt
2023.11.01 20:45:10 WARN  Could not find semantic tokens for: file:///home/dio/Documents/it/languages/scala/uni/SE/ha01/arithmetic/build.sbt
2023.11.01 20:45:10 WARN  Could not find semantic tokens for: file:///home/dio/Documents/it/languages/scala/uni/SE/ha01/arithmetic/build.sbt
2023.11.01 20:45:11 WARN  Could not find semantic tokens for: file:///home/dio/Documents/it/languages/scala/uni/SE/ha01/arithmetic/build.sbt
2023.11.01 20:45:12 WARN  Could not find semantic tokens for: file:///home/dio/Documents/it/languages/scala/uni/SE/ha01/arithmetic/build.sbt
2023.11.01 20:45:12 WARN  Could not find semantic tokens for: file:///home/dio/Documents/it/languages/scala/uni/SE/ha01/arithmetic/build.sbt
2023.11.01 20:45:13 WARN  Could not find semantic tokens for: file:///home/dio/Documents/it/languages/scala/uni/SE/ha01/arithmetic/build.sbt
2023.11.01 20:45:14 WARN  Could not find semantic tokens for: file:///home/dio/Documents/it/languages/scala/uni/SE/ha01/arithmetic/build.sbt
2023.11.01 20:45:14 WARN  Could not find semantic tokens for: file:///home/dio/Documents/it/languages/scala/uni/SE/ha01/arithmetic/build.sbt
2023.11.01 20:45:16 WARN  Could not find semantic tokens for: file:///home/dio/Documents/it/languages/scala/uni/SE/ha01/arithmetic/build.sbt
2023.11.01 20:45:18 WARN  no build target for: /home/dio/Documents/it/languages/scala/uni/SE/ha01/arithmetic/build.sbt
2023.11.01 20:45:18 WARN  Could not find semantic tokens for: file:///home/dio/Documents/it/languages/scala/uni/SE/ha01/arithmetic/build.sbt
2023.11.01 20:45:19 WARN  Could not find semantic tokens for: file:///home/dio/Documents/it/languages/scala/uni/SE/ha01/arithmetic/build.sbt
2023.11.01 20:45:46 WARN  Could not find semantic tokens for: file:///home/dio/Documents/it/languages/scala/uni/SE/ha01/arithmetic/build.sbt
2023.11.01 20:45:46 WARN  no build target for: /home/dio/Documents/it/languages/scala/uni/SE/ha01/arithmetic/build.sbt
2023.11.01 20:45:46 WARN  Could not find semantic tokens for: file:///home/dio/Documents/it/languages/scala/uni/SE/ha01/arithmetic/build.sbt
2023.11.01 20:45:46 WARN  Could not find semantic tokens for: file:///home/dio/Documents/it/languages/scala/uni/SE/ha01/arithmetic/build.sbt
2023.11.01 20:45:49 INFO  skipping build import with status 'Dismissed'
2023.11.01 20:46:45 WARN  Could not find semantic tokens for: file:///home/dio/Documents/it/languages/scala/uni/SE/ha01/arithmetic/build.sbt
2023.11.01 20:46:45 WARN  no build target for: /home/dio/Documents/it/languages/scala/uni/SE/ha01/arithmetic/build.sbt
2023.11.01 20:46:45 INFO  skipping build import with status 'Dismissed'
2023.11.01 20:46:45 WARN  Could not find semantic tokens for: file:///home/dio/Documents/it/languages/scala/uni/SE/ha01/arithmetic/build.sbt
2023.11.01 20:46:46 WARN  Could not find semantic tokens for: file:///home/dio/Documents/it/languages/scala/uni/SE/ha01/arithmetic/build.sbt
2023.11.01 21:12:04 WARN  no build target for: /home/dio/Documents/it/languages/scala/uni/SE/ha01/arithmetic/src/main/scala/Main.scala
2023.11.01 21:18:31 WARN  no build target for: /home/dio/Documents/it/languages/scala/uni/SE/ha01/arithmetic/src/main/scala/Main.scala
2023.11.01 21:19:11 WARN  no build target for: /home/dio/Documents/it/languages/scala/uni/SE/ha01/arithmetic/src/main/scala/Main.scala
2023.11.01 21:19:25 WARN  no build target for: /home/dio/Documents/it/languages/scala/uni/SE/ha01/arithmetic/src/main/scala/Main.scala
2023.11.01 21:19:45 WARN  no build target for: /home/dio/Documents/it/languages/scala/uni/SE/ha01/arithmetic/src/main/scala/Main.scala
2023.11.01 21:19:52 WARN  no build target for: /home/dio/Documents/it/languages/scala/uni/SE/ha01/arithmetic/src/main/scala/Main.scala
Nov 01, 2023 9:23:06 PM org.eclipse.lsp4j.jsonrpc.RemoteEndpoint handleCancellation
WARNING: Unmatched cancel notification for request id 2160
2023.11.01 21:26:50 WARN  no build target for: /home/dio/Documents/it/languages/scala/uni/SE/ha01/arithmetic/src/main/scala/Main.scala
2023.11.01 21:26:54 WARN  no build target for: /home/dio/Documents/it/languages/scala/uni/SE/ha01/arithmetic/src/main/scala/Main.scala
2023.11.01 21:27:18 WARN  no build target for: /home/dio/Documents/it/languages/scala/uni/SE/ha01/arithmetic/src/main/scala/Main.scala
2023.11.01 21:27:21 WARN  no build target for: /home/dio/Documents/it/languages/scala/uni/SE/ha01/arithmetic/src/main/scala/Main.scala
2023.11.01 21:28:01 WARN  no build target for: /home/dio/Documents/it/languages/scala/uni/SE/ha01/arithmetic/src/main/scala/Main.scala
2023.11.01 21:28:28 WARN  no build target for: /home/dio/Documents/it/languages/scala/uni/SE/ha01/arithmetic/src/main/scala/Main.scala
2023.11.01 21:28:30 WARN  no build target for: /home/dio/Documents/it/languages/scala/uni/SE/ha01/arithmetic/src/main/scala/Main.scala
2023.11.01 21:28:52 WARN  no build target for: /home/dio/Documents/it/languages/scala/uni/SE/ha01/arithmetic/src/main/scala/Main.scala
2023.11.01 21:28:57 WARN  no build target for: /home/dio/Documents/it/languages/scala/uni/SE/ha01/arithmetic/src/main/scala/Main.scala
2023.11.01 21:29:24 WARN  no build target for: /home/dio/Documents/it/languages/scala/uni/SE/ha01/arithmetic/src/main/scala/Main.scala
2023.11.01 21:30:26 WARN  no build target for: /home/dio/Documents/it/languages/scala/uni/SE/ha01/arithmetic/src/main/scala/Main.scala
2023.11.01 21:31:42 WARN  no build target for: /home/dio/Documents/it/languages/scala/uni/SE/ha01/arithmetic/src/main/scala/Main.scala
Nov 01, 2023 9:31:46 PM org.eclipse.lsp4j.jsonrpc.RemoteEndpoint handleCancellation
WARNING: Unmatched cancel notification for request id 2792
2023.11.01 21:31:53 ERROR Failed to tokenize input for semantic tokens for /home/dio/Documents/it/languages/scala/uni/SE/ha01/arithmetic/src/main/scala/Main.scala
scala.meta.tokenizers.TokenizeException: <input>:23: error: unclosed string interpolation
        println(s"$"
                  ^
	at scala.meta.internal.tokenizers.Reporter.syntaxError(Reporter.scala:23)
	at scala.meta.internal.tokenizers.Reporter.syntaxError$(Reporter.scala:23)
	at scala.meta.internal.tokenizers.Reporter$$anon$1.syntaxError(Reporter.scala:33)
	at scala.meta.internal.tokenizers.Reporter.syntaxError(Reporter.scala:25)
	at scala.meta.internal.tokenizers.Reporter.syntaxError$(Reporter.scala:25)
	at scala.meta.internal.tokenizers.Reporter$$anon$1.syntaxError(Reporter.scala:33)
	at scala.meta.internal.tokenizers.LegacyScanner.getStringPart(LegacyScanner.scala:659)
	at scala.meta.internal.tokenizers.LegacyScanner.fetchDoubleQuote$1(LegacyScanner.scala:357)
	at scala.meta.internal.tokenizers.LegacyScanner.fetchToken(LegacyScanner.scala:376)
	at scala.meta.internal.tokenizers.LegacyScanner.nextToken(LegacyScanner.scala:211)
	at scala.meta.internal.tokenizers.LegacyScanner.foreach(LegacyScanner.scala:1011)
	at scala.meta.internal.tokenizers.ScalametaTokenizer.uncachedTokenize(ScalametaTokenizer.scala:24)
	at scala.meta.internal.tokenizers.ScalametaTokenizer.$anonfun$tokenize$1(ScalametaTokenizer.scala:17)
	at scala.collection.concurrent.TrieMap.getOrElseUpdate(TrieMap.scala:962)
	at scala.meta.internal.tokenizers.ScalametaTokenizer.tokenize(ScalametaTokenizer.scala:17)
	at scala.meta.internal.tokenizers.ScalametaTokenizer$$anon$2.apply(ScalametaTokenizer.scala:332)
	at scala.meta.tokenizers.Api$XtensionTokenizeDialectInput.tokenize(Api.scala:25)
	at scala.meta.tokenizers.Api$XtensionTokenizeInputLike.tokenize(Api.scala:14)
	at scala.meta.internal.metals.SemanticTokensProvider$.getTokens(SemanticTokensProvider.scala:28)
	at scala.meta.internal.metals.SemanticTokensProvider$.provide(SemanticTokensProvider.scala:89)
	at scala.meta.internal.metals.Compilers.$anonfun$semanticTokens$3(Compilers.scala:539)
	at scala.concurrent.impl.Promise$Transformation.run(Promise.scala:467)
	at java.util.concurrent.ThreadPoolExecutor.runWorker(ThreadPoolExecutor.java:1128)
	at java.util.concurrent.ThreadPoolExecutor$Worker.run(ThreadPoolExecutor.java:628)
	at java.lang.Thread.run(Thread.java:829)

2023.11.01 21:32:08 WARN  no build target for: /home/dio/Documents/it/languages/scala/uni/SE/ha01/arithmetic/src/main/scala/Main.scala
2023.11.01 21:32:13 WARN  no build target for: /home/dio/Documents/it/languages/scala/uni/SE/ha01/arithmetic/src/main/scala/Main.scala
2023.11.01 21:32:46 WARN  no build target for: /home/dio/Documents/it/languages/scala/uni/SE/ha01/arithmetic/src/main/scala/Main.scala
Nov 01, 2023 9:36:35 PM org.eclipse.lsp4j.jsonrpc.RemoteEndpoint handleCancellation
WARNING: Unmatched cancel notification for request id 2989
2023.11.01 21:36:49 WARN  no build target for: /home/dio/Documents/it/languages/scala/uni/SE/ha01/arithmetic/src/main/scala/Main.scala
Nov 01, 2023 9:36:56 PM org.eclipse.lsp4j.jsonrpc.RemoteEndpoint handleCancellation
WARNING: Unmatched cancel notification for request id 3097
2023.11.01 21:36:56 WARN  no build target for: /home/dio/Documents/it/languages/scala/uni/SE/ha01/arithmetic/src/main/scala/Main.scala
2023.11.01 21:37:11 WARN  no build target for: /home/dio/Documents/it/languages/scala/uni/SE/ha01/arithmetic/src/main/scala/Main.scala
2023.11.01 21:37:28 WARN  no build target for: /home/dio/Documents/it/languages/scala/uni/SE/ha01/arithmetic/src/main/scala/Main.scala
Nov 01, 2023 9:37:43 PM org.eclipse.lsp4j.jsonrpc.RemoteEndpoint handleCancellation
WARNING: Unmatched cancel notification for request id 3300
2023.11.01 21:38:28 WARN  no build target for: /home/dio/Documents/it/languages/scala/uni/SE/ha01/arithmetic/src/main/scala/Main.scala
2023.11.01 21:39:18 WARN  no build target for: /home/dio/Documents/it/languages/scala/uni/SE/ha01/arithmetic/src/main/scala/Main.scala
2023.11.01 21:47:38 WARN  no build target for: /home/dio/Documents/it/languages/scala/uni/SE/ha01/arithmetic/src/main/scala/Main.scala
2023.11.01 21:47:45 WARN  no build target for: /home/dio/Documents/it/languages/scala/uni/SE/ha01/arithmetic/src/main/scala/Main.scala
2023.11.01 21:48:13 WARN  no build target for: /home/dio/Documents/it/languages/scala/uni/SE/ha01/arithmetic/src/main/scala/Main.scala
2023.11.01 21:48:23 WARN  no build target for: /home/dio/Documents/it/languages/scala/uni/SE/ha01/arithmetic/src/main/scala/Main.scala
2023.11.01 21:48:51 WARN  no build target for: /home/dio/Documents/it/languages/scala/uni/SE/ha01/arithmetic/src/main/scala/Main.scala
2023.11.01 21:49:22 WARN  no build target for: /home/dio/Documents/it/languages/scala/uni/SE/ha01/arithmetic/src/main/scala/Main.scala
2023.11.01 21:57:32 WARN  no build target for: /home/dio/Documents/it/languages/scala/uni/SE/ha01/arithmetic/src/main/scala/Main.scala
2023.11.01 21:58:03 WARN  no build target for: /home/dio/Documents/it/languages/scala/uni/SE/ha01/arithmetic/src/main/scala/Main.scala
2023.11.01 21:58:41 WARN  no build target for: /home/dio/Documents/it/languages/scala/uni/SE/ha01/arithmetic/src/main/scala/Main.scala
2023.11.01 21:58:55 WARN  no build target for: /home/dio/Documents/it/languages/scala/uni/SE/ha01/arithmetic/src/main/scala/Main.scala
2023.11.01 21:59:25 WARN  no build target for: /home/dio/Documents/it/languages/scala/uni/SE/ha01/arithmetic/src/main/scala/Main.scala
2023.11.01 21:59:44 WARN  no build target for: /home/dio/Documents/it/languages/scala/uni/SE/ha01/arithmetic/src/main/scala/Main.scala
2023.11.01 21:59:56 WARN  no build target for: /home/dio/Documents/it/languages/scala/uni/SE/ha01/arithmetic/src/main/scala/Main.scala
2023.11.01 22:19:27 INFO  Shutting down server
2023.11.01 22:19:27 INFO  shutting down Metals
2023.11.01 22:19:27 INFO  Exiting server
2023.11.02 11:22:14 INFO  Started: Metals version 1.1.0 in folders '/home/dio/Documents/it/languages/scala/uni/SE/ha01/arithmetic' for client Visual Studio Code 1.84.0.
2023.11.02 11:22:16 WARN  Build server is not auto-connectable.
2023.11.02 11:22:16 WARN  no build target for: /home/dio/Documents/it/languages/scala/uni/SE/ha01/arithmetic/src/main/scala/Main.scala
2023.11.02 11:22:24 INFO  no build target found for /home/dio/Documents/it/languages/scala/uni/SE/ha01/arithmetic/src/main/scala/Main.scala. Using presentation compiler with project's scala-library version: 3.3.1
2023.11.02 11:44:34 WARN  no build target for: /home/dio/Documents/it/languages/scala/uni/SE/ha01/arithmetic/src/main/scala/Main.scala
2023.11.02 11:44:37 WARN  no build target for: /home/dio/Documents/it/languages/scala/uni/SE/ha01/arithmetic/src/main/scala/Main.scala
2023.11.02 11:44:37 WARN  no build target for: /home/dio/Documents/it/languages/scala/uni/SE/ha01/arithmetic/build.sbt
2023.11.02 11:44:37 WARN  Could not find semantic tokens for: file:///home/dio/Documents/it/languages/scala/uni/SE/ha01/arithmetic/build.sbt
2023.11.02 11:44:37 WARN  Could not find semantic tokens for: file:///home/dio/Documents/it/languages/scala/uni/SE/ha01/arithmetic/build.sbt
2023.11.02 11:44:40 WARN  no build target for: /home/dio/Documents/it/languages/scala/uni/SE/ha01/arithmetic/src/main/scala/Main.scala
Nov 02, 2023 11:45:05 AM org.eclipse.lsp4j.jsonrpc.RemoteEndpoint handleCancellation
WARNING: Unmatched cancel notification for request id 112
2023.11.02 11:45:27 WARN  no build target for: /home/dio/Documents/it/languages/scala/uni/SE/ha01/arithmetic/src/main/scala/Main.scala
Nov 02, 2023 11:46:52 AM org.eclipse.lsp4j.jsonrpc.RemoteEndpoint handleCancellation
WARNING: Unmatched cancel notification for request id 308
2023.11.02 11:47:04 WARN  no build target for: /home/dio/Documents/it/languages/scala/uni/SE/ha01/arithmetic/src/main/scala/Main.scala
2023.11.02 11:47:14 WARN  no build target for: /home/dio/Documents/it/languages/scala/uni/SE/ha01/arithmetic/src/main/scala/Main.scala
2023.11.02 11:53:57 WARN  no build target for: /home/dio/Documents/it/languages/scala/uni/SE/ha01/arithmetic/src/main/scala/Main.scala
2023.11.02 11:54:27 WARN  no build target for: /home/dio/Documents/it/languages/scala/uni/SE/ha01/arithmetic/src/main/scala/Main.scala
2023.11.02 11:54:51 WARN  no build target for: /home/dio/Documents/it/languages/scala/uni/SE/ha01/arithmetic/src/main/scala/Main.scala
2023.11.02 11:55:08 WARN  no build target for: /home/dio/Documents/it/languages/scala/uni/SE/ha01/arithmetic/src/main/scala/Main.scala
2023.11.02 11:57:31 WARN  no build target for: /home/dio/Documents/it/languages/scala/uni/SE/ha01/arithmetic/src/main/scala/Main.scala
2023.11.02 12:01:09 WARN  no build target for: /home/dio/Documents/it/languages/scala/uni/SE/ha01/arithmetic/src/main/scala/Main.scala
2023.11.02 12:01:36 WARN  no build target for: /home/dio/Documents/it/languages/scala/uni/SE/ha01/arithmetic/src/main/scala/Main.scala
2023.11.02 12:02:11 INFO  Shutting down server
2023.11.02 12:02:11 INFO  shutting down Metals
2023.11.02 12:02:11 INFO  Exiting server
2023.11.02 12:02:11 ERROR Unexpected error initializing server: 
org.eclipse.lsp4j.jsonrpc.ResponseErrorException: Request window/showMessageRequest failed with message: Canceled
	at org.eclipse.lsp4j.jsonrpc.RemoteEndpoint.handleResponse(RemoteEndpoint.java:209)
	at org.eclipse.lsp4j.jsonrpc.RemoteEndpoint.consume(RemoteEndpoint.java:193)
	at org.eclipse.lsp4j.jsonrpc.json.StreamMessageProducer.handleMessage(StreamMessageProducer.java:194)
	at org.eclipse.lsp4j.jsonrpc.json.StreamMessageProducer.listen(StreamMessageProducer.java:94)
	at org.eclipse.lsp4j.jsonrpc.json.ConcurrentMessageProcessor.run(ConcurrentMessageProcessor.java:113)
	at java.util.concurrent.Executors$RunnableAdapter.call(Executors.java:515)
	at java.util.concurrent.FutureTask.run(FutureTask.java:264)
	at java.util.concurrent.ThreadPoolExecutor.runWorker(ThreadPoolExecutor.java:1128)
	at java.util.concurrent.ThreadPoolExecutor$Worker.run(ThreadPoolExecutor.java:628)
	at java.lang.Thread.run(Thread.java:829)

2023.11.02 12:16:01 INFO  Started: Metals version 1.1.0 in folders '/home/dio/Documents/it/languages/scala/uni/SE/ha01/arithmetic' for client Visual Studio Code 1.84.0.
2023.11.02 12:16:02 WARN  Build server is not auto-connectable.
2023.11.02 12:16:02 WARN  no build target for: /home/dio/Documents/it/languages/scala/uni/SE/ha01/arithmetic/src/main/scala/Main.scala
2023.11.02 12:16:09 INFO  no build target found for /home/dio/Documents/it/languages/scala/uni/SE/ha01/arithmetic/src/main/scala/Main.scala. Using presentation compiler with project's scala-library version: 3.3.1
2023.11.02 12:16:12 INFO  time: code lens generation in 9.42s
2023.11.02 12:33:38 WARN  no build target for: /home/dio/Documents/it/languages/scala/uni/SE/ha01/arithmetic/src/main/scala/Main.scala
2023.11.02 12:33:39 INFO  Shutting down server
2023.11.02 12:33:39 INFO  shutting down Metals
2023.11.02 12:33:39 INFO  Exiting server
2023.11.02 14:45:29 INFO  Started: Metals version 1.1.0 in folders '/home/dio/Documents/it/languages/scala/uni/SE/ha01/arithmetic' for client Visual Studio Code 1.84.0.
2023.11.02 14:45:31 WARN  Build server is not auto-connectable.
2023.11.02 14:45:31 WARN  no build target for: /home/dio/Documents/it/languages/scala/uni/SE/ha01/arithmetic/src/main/scala/Main.scala
2023.11.02 14:45:36 INFO  no build target found for /home/dio/Documents/it/languages/scala/uni/SE/ha01/arithmetic/src/main/scala/Main.scala. Using presentation compiler with project's scala-library version: 3.3.1
2023.11.02 14:45:40 INFO  time: code lens generation in 8.34s
2023.11.02 14:54:43 INFO  time: code lens generation in 1.38s
Nov 02, 2023 2:55:31 PM org.eclipse.lsp4j.jsonrpc.RemoteEndpoint handleCancellation
WARNING: Unmatched cancel notification for request id 306
2023.11.02 14:56:06 WARN  no build target for: /home/dio/Documents/it/languages/scala/uni/SE/ha01/arithmetic/src/main/scala/Main.scala
2023.11.02 14:56:21 WARN  no build target for: /home/dio/Documents/it/languages/scala/uni/SE/ha01/arithmetic/src/main/scala/Main.scala
Nov 02, 2023 2:56:31 PM org.eclipse.lsp4j.jsonrpc.RemoteEndpoint handleCancellation
WARNING: Unmatched cancel notification for request id 481
2023.11.02 14:56:50 WARN  no build target for: /home/dio/Documents/it/languages/scala/uni/SE/ha01/arithmetic/src/main/scala/Main.scala
2023.11.02 14:56:53 WARN  no build target for: /home/dio/Documents/it/languages/scala/uni/SE/ha01/arithmetic/src/main/scala/Main.scala
2023.11.02 14:57:36 WARN  no build target for: /home/dio/Documents/it/languages/scala/uni/SE/ha01/arithmetic/src/main/scala/Main.scala
2023.11.02 14:58:10 WARN  no build target for: /home/dio/Documents/it/languages/scala/uni/SE/ha01/arithmetic/src/main/scala/Main.scala
2023.11.02 15:05:30 WARN  no build target for: /home/dio/Documents/it/languages/scala/uni/SE/ha01/arithmetic/src/main/scala/Main.scala
2023.11.02 15:06:02 ERROR Failed to tokenize input for semantic tokens for /home/dio/Documents/it/languages/scala/uni/SE/ha01/arithmetic/src/main/scala/Main.scala
scala.meta.tokenizers.TokenizeException: <input>:32: error: unclosed string interpolation
      println(s"num: $")
                ^
	at scala.meta.internal.tokenizers.Reporter.syntaxError(Reporter.scala:23)
	at scala.meta.internal.tokenizers.Reporter.syntaxError$(Reporter.scala:23)
	at scala.meta.internal.tokenizers.Reporter$$anon$1.syntaxError(Reporter.scala:33)
	at scala.meta.internal.tokenizers.Reporter.syntaxError(Reporter.scala:25)
	at scala.meta.internal.tokenizers.Reporter.syntaxError$(Reporter.scala:25)
	at scala.meta.internal.tokenizers.Reporter$$anon$1.syntaxError(Reporter.scala:33)
	at scala.meta.internal.tokenizers.LegacyScanner.getStringPart(LegacyScanner.scala:659)
	at scala.meta.internal.tokenizers.LegacyScanner.fetchDoubleQuote$1(LegacyScanner.scala:357)
	at scala.meta.internal.tokenizers.LegacyScanner.fetchToken(LegacyScanner.scala:376)
	at scala.meta.internal.tokenizers.LegacyScanner.nextToken(LegacyScanner.scala:211)
	at scala.meta.internal.tokenizers.LegacyScanner.foreach(LegacyScanner.scala:1011)
	at scala.meta.internal.tokenizers.ScalametaTokenizer.uncachedTokenize(ScalametaTokenizer.scala:24)
	at scala.meta.internal.tokenizers.ScalametaTokenizer.$anonfun$tokenize$1(ScalametaTokenizer.scala:17)
	at scala.collection.concurrent.TrieMap.getOrElseUpdate(TrieMap.scala:962)
	at scala.meta.internal.tokenizers.ScalametaTokenizer.tokenize(ScalametaTokenizer.scala:17)
	at scala.meta.internal.tokenizers.ScalametaTokenizer$$anon$2.apply(ScalametaTokenizer.scala:332)
	at scala.meta.tokenizers.Api$XtensionTokenizeDialectInput.tokenize(Api.scala:25)
	at scala.meta.tokenizers.Api$XtensionTokenizeInputLike.tokenize(Api.scala:14)
	at scala.meta.internal.metals.SemanticTokensProvider$.getTokens(SemanticTokensProvider.scala:28)
	at scala.meta.internal.metals.SemanticTokensProvider$.provide(SemanticTokensProvider.scala:89)
	at scala.meta.internal.metals.Compilers.$anonfun$semanticTokens$3(Compilers.scala:539)
	at scala.concurrent.impl.Promise$Transformation.run(Promise.scala:467)
	at java.util.concurrent.ThreadPoolExecutor.runWorker(ThreadPoolExecutor.java:1128)
	at java.util.concurrent.ThreadPoolExecutor$Worker.run(ThreadPoolExecutor.java:628)
	at java.lang.Thread.run(Thread.java:829)

2023.11.02 15:06:23 WARN  no build target for: /home/dio/Documents/it/languages/scala/uni/SE/ha01/arithmetic/src/main/scala/Main.scala
2023.11.02 15:12:22 WARN  no build target for: /home/dio/Documents/it/languages/scala/uni/SE/ha01/arithmetic/src/main/scala/Main.scala
2023.11.02 15:12:38 WARN  no build target for: /home/dio/Documents/it/languages/scala/uni/SE/ha01/arithmetic/src/main/scala/Main.scala
2023.11.02 15:13:15 WARN  no build target for: /home/dio/Documents/it/languages/scala/uni/SE/ha01/arithmetic/src/main/scala/Main.scala
2023.11.02 15:29:55 WARN  no build target for: /home/dio/Documents/it/languages/scala/uni/SE/ha01/arithmetic/src/main/scala/Main.scala
2023.11.02 15:30:04 WARN  no build target for: /home/dio/Documents/it/languages/scala/uni/SE/ha01/arithmetic/src/main/scala/Main.scala
2023.11.02 15:41:38 WARN  no build target for: /home/dio/Documents/it/languages/scala/uni/SE/ha01/arithmetic/src/main/scala/Main.scala
2023.11.02 15:41:53 WARN  no build target for: /home/dio/Documents/it/languages/scala/uni/SE/ha01/arithmetic/src/main/scala/Main.scala
2023.11.02 15:42:41 WARN  no build target for: /home/dio/Documents/it/languages/scala/uni/SE/ha01/arithmetic/src/main/scala/Main.scala
2023.11.02 15:42:57 WARN  no build target for: /home/dio/Documents/it/languages/scala/uni/SE/ha01/arithmetic/src/main/scala/Main.scala
2023.11.02 15:43:27 WARN  no build target for: /home/dio/Documents/it/languages/scala/uni/SE/ha01/arithmetic/src/main/scala/Main.scala
2023.11.02 15:43:32 WARN  no build target for: /home/dio/Documents/it/languages/scala/uni/SE/ha01/arithmetic/src/main/scala/Main.scala
2023.11.02 15:43:57 WARN  no build target for: /home/dio/Documents/it/languages/scala/uni/SE/ha01/arithmetic/src/main/scala/Main.scala
2023.11.02 15:44:31 WARN  no build target for: /home/dio/Documents/it/languages/scala/uni/SE/ha01/arithmetic/src/main/scala/Main.scala
2023.11.02 15:44:51 WARN  no build target for: /home/dio/Documents/it/languages/scala/uni/SE/ha01/arithmetic/src/main/scala/Main.scala
2023.11.02 15:45:04 WARN  no build target for: /home/dio/Documents/it/languages/scala/uni/SE/ha01/arithmetic/src/main/scala/Main.scala
2023.11.02 15:46:29 WARN  no build target for: /home/dio/Documents/it/languages/scala/uni/SE/ha01/arithmetic/src/main/scala/Main.scala
2023.11.02 15:46:34 WARN  no build target for: /home/dio/Documents/it/languages/scala/uni/SE/ha01/arithmetic/src/main/scala/Main.scala
2023.11.02 15:47:09 WARN  no build target for: /home/dio/Documents/it/languages/scala/uni/SE/ha01/arithmetic/src/main/scala/Main.scala
2023.11.02 15:47:16 WARN  no build target for: /home/dio/Documents/it/languages/scala/uni/SE/ha01/arithmetic/src/main/scala/Main.scala
2023.11.02 15:47:43 WARN  no build target for: /home/dio/Documents/it/languages/scala/uni/SE/ha01/arithmetic/src/main/scala/Main.scala
2023.11.02 15:48:03 WARN  no build target for: /home/dio/Documents/it/languages/scala/uni/SE/ha01/arithmetic/src/main/scala/Main.scala
2023.11.02 15:48:09 WARN  no build target for: /home/dio/Documents/it/languages/scala/uni/SE/ha01/arithmetic/src/main/scala/Main.scala
2023.11.02 15:48:32 WARN  no build target for: /home/dio/Documents/it/languages/scala/uni/SE/ha01/arithmetic/src/main/scala/Main.scala
2023.11.02 15:49:13 WARN  no build target for: /home/dio/Documents/it/languages/scala/uni/SE/ha01/arithmetic/src/main/scala/Main.scala
2023.11.02 15:50:20 WARN  no build target for: /home/dio/Documents/it/languages/scala/uni/SE/ha01/arithmetic/src/main/scala/Main.scala
2023.11.02 15:50:54 WARN  no build target for: /home/dio/Documents/it/languages/scala/uni/SE/ha01/arithmetic/src/main/scala/Main.scala
2023.11.02 15:51:46 WARN  no build target for: /home/dio/Documents/it/languages/scala/uni/SE/ha01/arithmetic/src/main/scala/Main.scala
2023.11.02 15:52:38 WARN  no build target for: /home/dio/Documents/it/languages/scala/uni/SE/ha01/arithmetic/src/main/scala/Main.scala
2023.11.02 15:53:24 WARN  no build target for: /home/dio/Documents/it/languages/scala/uni/SE/ha01/arithmetic/src/main/scala/Main.scala
2023.11.02 15:56:25 WARN  no build target for: /home/dio/Documents/it/languages/scala/uni/SE/ha01/arithmetic/src/main/scala/Main.scala
2023.11.02 15:57:27 WARN  no build target for: /home/dio/Documents/it/languages/scala/uni/SE/ha01/arithmetic/src/main/scala/Main.scala
2023.11.02 15:58:07 WARN  no build target for: /home/dio/Documents/it/languages/scala/uni/SE/ha01/arithmetic/src/main/scala/Main.scala
2023.11.02 15:58:15 WARN  no build target for: /home/dio/Documents/it/languages/scala/uni/SE/ha01/arithmetic/src/main/scala/Main.scala
2023.11.02 16:00:05 WARN  no build target for: /home/dio/Documents/it/languages/scala/uni/SE/ha01/arithmetic/src/main/scala/Main.scala
2023.11.02 16:01:08 WARN  no build target for: /home/dio/Documents/it/languages/scala/uni/SE/ha01/arithmetic/src/main/scala/Main.scala
2023.11.02 16:01:16 WARN  no build target for: /home/dio/Documents/it/languages/scala/uni/SE/ha01/arithmetic/src/main/scala/Main.scala
2023.11.02 16:01:48 WARN  no build target for: /home/dio/Documents/it/languages/scala/uni/SE/ha01/arithmetic/src/main/scala/Main.scala
2023.11.02 16:05:09 WARN  no build target for: /home/dio/Documents/it/languages/scala/uni/SE/ha01/arithmetic/src/main/scala/Main.scala
2023.11.02 16:09:11 WARN  no build target for: /home/dio/Documents/it/languages/scala/uni/SE/ha01/arithmetic/src/main/scala/Main.scala
2023.11.02 16:09:47 WARN  no build target for: /home/dio/Documents/it/languages/scala/uni/SE/ha01/arithmetic/src/main/scala/Main.scala
2023.11.02 16:10:38 WARN  no build target for: /home/dio/Documents/it/languages/scala/uni/SE/ha01/arithmetic/src/main/scala/Main.scala
2023.11.02 16:11:08 WARN  no build target for: /home/dio/Documents/it/languages/scala/uni/SE/ha01/arithmetic/src/main/scala/Main.scala
2023.11.02 16:11:27 WARN  no build target for: /home/dio/Documents/it/languages/scala/uni/SE/ha01/arithmetic/src/main/scala/Main.scala
2023.11.02 16:12:02 WARN  no build target for: /home/dio/Documents/it/languages/scala/uni/SE/ha01/arithmetic/src/main/scala/Main.scala
2023.11.02 16:12:12 WARN  no build target for: /home/dio/Documents/it/languages/scala/uni/SE/ha01/arithmetic/src/main/scala/Main.scala
2023.11.02 16:12:21 WARN  no build target for: /home/dio/Documents/it/languages/scala/uni/SE/ha01/arithmetic/src/main/scala/Main.scala
Nov 02, 2023 4:12:55 PM org.eclipse.lsp4j.jsonrpc.RemoteEndpoint handleCancellation
WARNING: Unmatched cancel notification for request id 3560
2023.11.02 16:12:58 WARN  no build target for: /home/dio/Documents/it/languages/scala/uni/SE/ha01/arithmetic/src/main/scala/Main.scala
2023.11.02 16:13:27 WARN  no build target for: /home/dio/Documents/it/languages/scala/uni/SE/ha01/arithmetic/src/main/scala/Main.scala
2023.11.02 16:13:30 WARN  no build target for: /home/dio/Documents/it/languages/scala/uni/SE/ha01/arithmetic/src/main/scala/Main.scala
2023.11.02 16:13:44 WARN  no build target for: /home/dio/Documents/it/languages/scala/uni/SE/ha01/arithmetic/src/main/scala/Main.scala
Nov 02, 2023 4:14:41 PM org.eclipse.lsp4j.jsonrpc.RemoteEndpoint handleCancellation
WARNING: Unmatched cancel notification for request id 3834
Nov 02, 2023 4:15:02 PM org.eclipse.lsp4j.jsonrpc.RemoteEndpoint handleCancellation
WARNING: Unmatched cancel notification for request id 3945
2023.11.02 16:15:10 WARN  no build target for: /home/dio/Documents/it/languages/scala/uni/SE/ha01/arithmetic/src/main/scala/Main.scala
2023.11.02 16:15:27 WARN  no build target for: /home/dio/Documents/it/languages/scala/uni/SE/ha01/arithmetic/src/main/scala/Main.scala
2023.11.02 16:15:29 WARN  no build target for: /home/dio/Documents/it/languages/scala/uni/SE/ha01/arithmetic/src/main/scala/Main.scala
2023.11.02 16:16:24 WARN  no build target for: /home/dio/Documents/it/languages/scala/uni/SE/ha01/arithmetic/src/main/scala/Main.scala
2023.11.02 16:17:02 WARN  no build target for: /home/dio/Documents/it/languages/scala/uni/SE/ha01/arithmetic/src/main/scala/Main.scala
2023.11.02 16:18:01 ERROR Failed to tokenize input for semantic tokens for /home/dio/Documents/it/languages/scala/uni/SE/ha01/arithmetic/src/main/scala/Main.scala
scala.meta.tokenizers.TokenizeException: <input>:32: error: unclosed comment
/*
^
	at scala.meta.internal.tokenizers.Reporter.incompleteInputError(Reporter.scala:27)
	at scala.meta.internal.tokenizers.Reporter.incompleteInputError$(Reporter.scala:26)
	at scala.meta.internal.tokenizers.Reporter$$anon$1.incompleteInputError(Reporter.scala:33)
	at scala.meta.internal.tokenizers.Reporter.incompleteInputError(Reporter.scala:29)
	at scala.meta.internal.tokenizers.Reporter.incompleteInputError$(Reporter.scala:29)
	at scala.meta.internal.tokenizers.Reporter$$anon$1.incompleteInputError(Reporter.scala:33)
	at scala.meta.internal.tokenizers.LegacyScanner.skipNestedComments(LegacyScanner.scala:52)
	at scala.meta.internal.tokenizers.LegacyScanner.skipToCommentEnd(LegacyScanner.scala:71)
	at scala.meta.internal.tokenizers.LegacyScanner.fetchToken(LegacyScanner.scala:313)
	at scala.meta.internal.tokenizers.LegacyScanner.nextToken(LegacyScanner.scala:211)
	at scala.meta.internal.tokenizers.LegacyScanner.foreach(LegacyScanner.scala:1011)
	at scala.meta.internal.tokenizers.ScalametaTokenizer.uncachedTokenize(ScalametaTokenizer.scala:24)
	at scala.meta.internal.tokenizers.ScalametaTokenizer.$anonfun$tokenize$1(ScalametaTokenizer.scala:17)
	at scala.collection.concurrent.TrieMap.getOrElseUpdate(TrieMap.scala:962)
	at scala.meta.internal.tokenizers.ScalametaTokenizer.tokenize(ScalametaTokenizer.scala:17)
	at scala.meta.internal.tokenizers.ScalametaTokenizer$$anon$2.apply(ScalametaTokenizer.scala:332)
	at scala.meta.tokenizers.Api$XtensionTokenizeDialectInput.tokenize(Api.scala:25)
	at scala.meta.tokenizers.Api$XtensionTokenizeInputLike.tokenize(Api.scala:14)
	at scala.meta.internal.metals.SemanticTokensProvider$.getTokens(SemanticTokensProvider.scala:28)
	at scala.meta.internal.metals.SemanticTokensProvider$.provide(SemanticTokensProvider.scala:89)
	at scala.meta.internal.metals.Compilers.$anonfun$semanticTokens$3(Compilers.scala:539)
	at scala.concurrent.impl.Promise$Transformation.run(Promise.scala:467)
	at java.util.concurrent.ThreadPoolExecutor.runWorker(ThreadPoolExecutor.java:1128)
	at java.util.concurrent.ThreadPoolExecutor$Worker.run(ThreadPoolExecutor.java:628)
	at java.lang.Thread.run(Thread.java:829)

2023.11.02 16:18:07 ERROR Failed to tokenize input for semantic tokens for /home/dio/Documents/it/languages/scala/uni/SE/ha01/arithmetic/src/main/scala/Main.scala
scala.meta.tokenizers.TokenizeException: <input>:32: error: unclosed comment
/*
^
	at scala.meta.internal.tokenizers.Reporter.incompleteInputError(Reporter.scala:27)
	at scala.meta.internal.tokenizers.Reporter.incompleteInputError$(Reporter.scala:26)
	at scala.meta.internal.tokenizers.Reporter$$anon$1.incompleteInputError(Reporter.scala:33)
	at scala.meta.internal.tokenizers.Reporter.incompleteInputError(Reporter.scala:29)
	at scala.meta.internal.tokenizers.Reporter.incompleteInputError$(Reporter.scala:29)
	at scala.meta.internal.tokenizers.Reporter$$anon$1.incompleteInputError(Reporter.scala:33)
	at scala.meta.internal.tokenizers.LegacyScanner.skipNestedComments(LegacyScanner.scala:52)
	at scala.meta.internal.tokenizers.LegacyScanner.skipToCommentEnd(LegacyScanner.scala:71)
	at scala.meta.internal.tokenizers.LegacyScanner.fetchToken(LegacyScanner.scala:313)
	at scala.meta.internal.tokenizers.LegacyScanner.nextToken(LegacyScanner.scala:211)
	at scala.meta.internal.tokenizers.LegacyScanner.foreach(LegacyScanner.scala:1011)
	at scala.meta.internal.tokenizers.ScalametaTokenizer.uncachedTokenize(ScalametaTokenizer.scala:24)
	at scala.meta.internal.tokenizers.ScalametaTokenizer.$anonfun$tokenize$1(ScalametaTokenizer.scala:17)
	at scala.collection.concurrent.TrieMap.getOrElseUpdate(TrieMap.scala:962)
	at scala.meta.internal.tokenizers.ScalametaTokenizer.tokenize(ScalametaTokenizer.scala:17)
	at scala.meta.internal.tokenizers.ScalametaTokenizer$$anon$2.apply(ScalametaTokenizer.scala:332)
	at scala.meta.tokenizers.Api$XtensionTokenizeDialectInput.tokenize(Api.scala:25)
	at scala.meta.tokenizers.Api$XtensionTokenizeInputLike.tokenize(Api.scala:14)
	at scala.meta.internal.metals.SemanticTokensProvider$.getTokens(SemanticTokensProvider.scala:28)
	at scala.meta.internal.metals.SemanticTokensProvider$.provide(SemanticTokensProvider.scala:89)
	at scala.meta.internal.metals.Compilers.$anonfun$semanticTokens$3(Compilers.scala:539)
	at scala.concurrent.impl.Promise$Transformation.run(Promise.scala:467)
	at java.util.concurrent.ThreadPoolExecutor.runWorker(ThreadPoolExecutor.java:1128)
	at java.util.concurrent.ThreadPoolExecutor$Worker.run(ThreadPoolExecutor.java:628)
	at java.lang.Thread.run(Thread.java:829)

2023.11.02 16:18:08 ERROR Failed to tokenize input for semantic tokens for /home/dio/Documents/it/languages/scala/uni/SE/ha01/arithmetic/src/main/scala/Main.scala
scala.meta.tokenizers.TokenizeException: <input>:32: error: unclosed comment
/*
^
	at scala.meta.internal.tokenizers.Reporter.incompleteInputError(Reporter.scala:27)
	at scala.meta.internal.tokenizers.Reporter.incompleteInputError$(Reporter.scala:26)
	at scala.meta.internal.tokenizers.Reporter$$anon$1.incompleteInputError(Reporter.scala:33)
	at scala.meta.internal.tokenizers.Reporter.incompleteInputError(Reporter.scala:29)
	at scala.meta.internal.tokenizers.Reporter.incompleteInputError$(Reporter.scala:29)
	at scala.meta.internal.tokenizers.Reporter$$anon$1.incompleteInputError(Reporter.scala:33)
	at scala.meta.internal.tokenizers.LegacyScanner.skipNestedComments(LegacyScanner.scala:52)
	at scala.meta.internal.tokenizers.LegacyScanner.skipToCommentEnd(LegacyScanner.scala:71)
	at scala.meta.internal.tokenizers.LegacyScanner.fetchToken(LegacyScanner.scala:313)
	at scala.meta.internal.tokenizers.LegacyScanner.nextToken(LegacyScanner.scala:211)
	at scala.meta.internal.tokenizers.LegacyScanner.foreach(LegacyScanner.scala:1011)
	at scala.meta.internal.tokenizers.ScalametaTokenizer.uncachedTokenize(ScalametaTokenizer.scala:24)
	at scala.meta.internal.tokenizers.ScalametaTokenizer.$anonfun$tokenize$1(ScalametaTokenizer.scala:17)
	at scala.collection.concurrent.TrieMap.getOrElseUpdate(TrieMap.scala:962)
	at scala.meta.internal.tokenizers.ScalametaTokenizer.tokenize(ScalametaTokenizer.scala:17)
	at scala.meta.internal.tokenizers.ScalametaTokenizer$$anon$2.apply(ScalametaTokenizer.scala:332)
	at scala.meta.tokenizers.Api$XtensionTokenizeDialectInput.tokenize(Api.scala:25)
	at scala.meta.tokenizers.Api$XtensionTokenizeInputLike.tokenize(Api.scala:14)
	at scala.meta.internal.metals.SemanticTokensProvider$.getTokens(SemanticTokensProvider.scala:28)
	at scala.meta.internal.metals.SemanticTokensProvider$.provide(SemanticTokensProvider.scala:89)
	at scala.meta.internal.metals.Compilers.$anonfun$semanticTokens$3(Compilers.scala:539)
	at scala.concurrent.impl.Promise$Transformation.run(Promise.scala:467)
	at java.util.concurrent.ThreadPoolExecutor.runWorker(ThreadPoolExecutor.java:1128)
	at java.util.concurrent.ThreadPoolExecutor$Worker.run(ThreadPoolExecutor.java:628)
	at java.lang.Thread.run(Thread.java:829)

2023.11.02 16:18:09 ERROR Failed to tokenize input for semantic tokens for /home/dio/Documents/it/languages/scala/uni/SE/ha01/arithmetic/src/main/scala/Main.scala
scala.meta.tokenizers.TokenizeException: <input>:32: error: unclosed comment
/*
^
	at scala.meta.internal.tokenizers.Reporter.incompleteInputError(Reporter.scala:27)
	at scala.meta.internal.tokenizers.Reporter.incompleteInputError$(Reporter.scala:26)
	at scala.meta.internal.tokenizers.Reporter$$anon$1.incompleteInputError(Reporter.scala:33)
	at scala.meta.internal.tokenizers.Reporter.incompleteInputError(Reporter.scala:29)
	at scala.meta.internal.tokenizers.Reporter.incompleteInputError$(Reporter.scala:29)
	at scala.meta.internal.tokenizers.Reporter$$anon$1.incompleteInputError(Reporter.scala:33)
	at scala.meta.internal.tokenizers.LegacyScanner.skipNestedComments(LegacyScanner.scala:52)
	at scala.meta.internal.tokenizers.LegacyScanner.skipToCommentEnd(LegacyScanner.scala:71)
	at scala.meta.internal.tokenizers.LegacyScanner.fetchToken(LegacyScanner.scala:313)
	at scala.meta.internal.tokenizers.LegacyScanner.nextToken(LegacyScanner.scala:211)
	at scala.meta.internal.tokenizers.LegacyScanner.foreach(LegacyScanner.scala:1011)
	at scala.meta.internal.tokenizers.ScalametaTokenizer.uncachedTokenize(ScalametaTokenizer.scala:24)
	at scala.meta.internal.tokenizers.ScalametaTokenizer.$anonfun$tokenize$1(ScalametaTokenizer.scala:17)
	at scala.collection.concurrent.TrieMap.getOrElseUpdate(TrieMap.scala:962)
	at scala.meta.internal.tokenizers.ScalametaTokenizer.tokenize(ScalametaTokenizer.scala:17)
	at scala.meta.internal.tokenizers.ScalametaTokenizer$$anon$2.apply(ScalametaTokenizer.scala:332)
	at scala.meta.tokenizers.Api$XtensionTokenizeDialectInput.tokenize(Api.scala:25)
	at scala.meta.tokenizers.Api$XtensionTokenizeInputLike.tokenize(Api.scala:14)
	at scala.meta.internal.metals.SemanticTokensProvider$.getTokens(SemanticTokensProvider.scala:28)
	at scala.meta.internal.metals.SemanticTokensProvider$.provide(SemanticTokensProvider.scala:89)
	at scala.meta.internal.metals.Compilers.$anonfun$semanticTokens$3(Compilers.scala:539)
	at scala.concurrent.impl.Promise$Transformation.run(Promise.scala:467)
	at java.util.concurrent.ThreadPoolExecutor.runWorker(ThreadPoolExecutor.java:1128)
	at java.util.concurrent.ThreadPoolExecutor$Worker.run(ThreadPoolExecutor.java:628)
	at java.lang.Thread.run(Thread.java:829)

2023.11.02 16:18:10 ERROR Failed to tokenize input for semantic tokens for /home/dio/Documents/it/languages/scala/uni/SE/ha01/arithmetic/src/main/scala/Main.scala
scala.meta.tokenizers.TokenizeException: <input>:32: error: unclosed comment
/*
^
	at scala.meta.internal.tokenizers.Reporter.incompleteInputError(Reporter.scala:27)
	at scala.meta.internal.tokenizers.Reporter.incompleteInputError$(Reporter.scala:26)
	at scala.meta.internal.tokenizers.Reporter$$anon$1.incompleteInputError(Reporter.scala:33)
	at scala.meta.internal.tokenizers.Reporter.incompleteInputError(Reporter.scala:29)
	at scala.meta.internal.tokenizers.Reporter.incompleteInputError$(Reporter.scala:29)
	at scala.meta.internal.tokenizers.Reporter$$anon$1.incompleteInputError(Reporter.scala:33)
	at scala.meta.internal.tokenizers.LegacyScanner.skipNestedComments(LegacyScanner.scala:52)
	at scala.meta.internal.tokenizers.LegacyScanner.skipToCommentEnd(LegacyScanner.scala:71)
	at scala.meta.internal.tokenizers.LegacyScanner.fetchToken(LegacyScanner.scala:313)
	at scala.meta.internal.tokenizers.LegacyScanner.nextToken(LegacyScanner.scala:211)
	at scala.meta.internal.tokenizers.LegacyScanner.foreach(LegacyScanner.scala:1011)
	at scala.meta.internal.tokenizers.ScalametaTokenizer.uncachedTokenize(ScalametaTokenizer.scala:24)
	at scala.meta.internal.tokenizers.ScalametaTokenizer.$anonfun$tokenize$1(ScalametaTokenizer.scala:17)
	at scala.collection.concurrent.TrieMap.getOrElseUpdate(TrieMap.scala:962)
	at scala.meta.internal.tokenizers.ScalametaTokenizer.tokenize(ScalametaTokenizer.scala:17)
	at scala.meta.internal.tokenizers.ScalametaTokenizer$$anon$2.apply(ScalametaTokenizer.scala:332)
	at scala.meta.tokenizers.Api$XtensionTokenizeDialectInput.tokenize(Api.scala:25)
	at scala.meta.tokenizers.Api$XtensionTokenizeInputLike.tokenize(Api.scala:14)
	at scala.meta.internal.metals.SemanticTokensProvider$.getTokens(SemanticTokensProvider.scala:28)
	at scala.meta.internal.metals.SemanticTokensProvider$.provide(SemanticTokensProvider.scala:89)
	at scala.meta.internal.metals.Compilers.$anonfun$semanticTokens$3(Compilers.scala:539)
	at scala.concurrent.impl.Promise$Transformation.run(Promise.scala:467)
	at java.util.concurrent.ThreadPoolExecutor.runWorker(ThreadPoolExecutor.java:1128)
	at java.util.concurrent.ThreadPoolExecutor$Worker.run(ThreadPoolExecutor.java:628)
	at java.lang.Thread.run(Thread.java:829)

2023.11.02 16:18:10 ERROR Failed to tokenize input for semantic tokens for /home/dio/Documents/it/languages/scala/uni/SE/ha01/arithmetic/src/main/scala/Main.scala
scala.meta.tokenizers.TokenizeException: <input>:32: error: unclosed comment
/*
^
	at scala.meta.internal.tokenizers.Reporter.incompleteInputError(Reporter.scala:27)
	at scala.meta.internal.tokenizers.Reporter.incompleteInputError$(Reporter.scala:26)
	at scala.meta.internal.tokenizers.Reporter$$anon$1.incompleteInputError(Reporter.scala:33)
	at scala.meta.internal.tokenizers.Reporter.incompleteInputError(Reporter.scala:29)
	at scala.meta.internal.tokenizers.Reporter.incompleteInputError$(Reporter.scala:29)
	at scala.meta.internal.tokenizers.Reporter$$anon$1.incompleteInputError(Reporter.scala:33)
	at scala.meta.internal.tokenizers.LegacyScanner.skipNestedComments(LegacyScanner.scala:52)
	at scala.meta.internal.tokenizers.LegacyScanner.skipToCommentEnd(LegacyScanner.scala:71)
	at scala.meta.internal.tokenizers.LegacyScanner.fetchToken(LegacyScanner.scala:313)
	at scala.meta.internal.tokenizers.LegacyScanner.nextToken(LegacyScanner.scala:211)
	at scala.meta.internal.tokenizers.LegacyScanner.foreach(LegacyScanner.scala:1011)
	at scala.meta.internal.tokenizers.ScalametaTokenizer.uncachedTokenize(ScalametaTokenizer.scala:24)
	at scala.meta.internal.tokenizers.ScalametaTokenizer.$anonfun$tokenize$1(ScalametaTokenizer.scala:17)
	at scala.collection.concurrent.TrieMap.getOrElseUpdate(TrieMap.scala:962)
	at scala.meta.internal.tokenizers.ScalametaTokenizer.tokenize(ScalametaTokenizer.scala:17)
	at scala.meta.internal.tokenizers.ScalametaTokenizer$$anon$2.apply(ScalametaTokenizer.scala:332)
	at scala.meta.tokenizers.Api$XtensionTokenizeDialectInput.tokenize(Api.scala:25)
	at scala.meta.tokenizers.Api$XtensionTokenizeInputLike.tokenize(Api.scala:14)
	at scala.meta.internal.metals.SemanticTokensProvider$.getTokens(SemanticTokensProvider.scala:28)
	at scala.meta.internal.metals.SemanticTokensProvider$.provide(SemanticTokensProvider.scala:89)
	at scala.meta.internal.metals.Compilers.$anonfun$semanticTokens$3(Compilers.scala:539)
	at scala.concurrent.impl.Promise$Transformation.run(Promise.scala:467)
	at java.util.concurrent.ThreadPoolExecutor.runWorker(ThreadPoolExecutor.java:1128)
	at java.util.concurrent.ThreadPoolExecutor$Worker.run(ThreadPoolExecutor.java:628)
	at java.lang.Thread.run(Thread.java:829)

2023.11.02 16:18:12 WARN  no build target for: /home/dio/Documents/it/languages/scala/uni/SE/ha01/arithmetic/src/main/scala/Main.scala
2023.11.02 16:18:39 WARN  no build target for: /home/dio/Documents/it/languages/scala/uni/SE/ha01/arithmetic/src/main/scala/Main.scala
2023.11.02 16:19:12 WARN  no build target for: /home/dio/Documents/it/languages/scala/uni/SE/ha01/arithmetic/src/main/scala/Main.scala
Nov 02, 2023 4:19:58 PM org.eclipse.lsp4j.jsonrpc.RemoteEndpoint handleCancellation
WARNING: Unmatched cancel notification for request id 4468
2023.11.02 16:20:15 WARN  no build target for: /home/dio/Documents/it/languages/scala/uni/SE/ha01/arithmetic/src/main/scala/Main.scala
2023.11.02 16:20:30 WARN  no build target for: /home/dio/Documents/it/languages/scala/uni/SE/ha01/arithmetic/src/main/scala/Main.scala
2023.11.02 16:20:42 WARN  no build target for: /home/dio/Documents/it/languages/scala/uni/SE/ha01/arithmetic/src/main/scala/Main.scala
Nov 02, 2023 4:21:06 PM org.eclipse.lsp4j.jsonrpc.RemoteEndpoint handleCancellation
WARNING: Unmatched cancel notification for request id 4663
2023.11.02 16:21:08 WARN  no build target for: /home/dio/Documents/it/languages/scala/uni/SE/ha01/arithmetic/src/main/scala/Main.scala
2023.11.02 16:22:10 WARN  no build target for: /home/dio/Documents/it/languages/scala/uni/SE/ha01/arithmetic/src/main/scala/Main.scala
2023.11.02 16:22:36 WARN  no build target for: /home/dio/Documents/it/languages/scala/uni/SE/ha01/arithmetic/src/main/scala/Main.scala
2023.11.02 16:22:50 WARN  no build target for: /home/dio/Documents/it/languages/scala/uni/SE/ha01/arithmetic/src/main/scala/Main.scala
2023.11.02 16:23:44 WARN  no build target for: /home/dio/Documents/it/languages/scala/uni/SE/ha01/arithmetic/src/main/scala/Main.scala
2023.11.02 16:24:32 WARN  no build target for: /home/dio/Documents/it/languages/scala/uni/SE/ha01/arithmetic/src/main/scala/Main.scala
2023.11.02 16:27:49 WARN  no build target for: /home/dio/Documents/it/languages/scala/uni/SE/ha01/arithmetic/src/main/scala/Main.scala
Nov 02, 2023 4:29:21 PM org.eclipse.lsp4j.jsonrpc.RemoteEndpoint handleCancellation
WARNING: Unmatched cancel notification for request id 5198
2023.11.02 16:29:27 ERROR Failed to tokenize input for semantic tokens for /home/dio/Documents/it/languages/scala/uni/SE/ha01/arithmetic/src/main/scala/Main.scala
scala.meta.tokenizers.TokenizeException: <input>:31: error: Invalid literal number
          println( (=1ArithmeticExpression.evaluate(expression.productElement(0).asInstanceOf[ArithmeticExpression]))
                     ^
	at scala.meta.internal.tokenizers.Reporter.syntaxError(Reporter.scala:23)
	at scala.meta.internal.tokenizers.Reporter.syntaxError$(Reporter.scala:23)
	at scala.meta.internal.tokenizers.Reporter$$anon$1.syntaxError(Reporter.scala:33)
	at scala.meta.internal.tokenizers.Reporter.syntaxError(Reporter.scala:25)
	at scala.meta.internal.tokenizers.Reporter.syntaxError$(Reporter.scala:25)
	at scala.meta.internal.tokenizers.Reporter$$anon$1.syntaxError(Reporter.scala:33)
	at scala.meta.internal.tokenizers.LegacyScanner.checkNoLetter(LegacyScanner.scala:820)
	at scala.meta.internal.tokenizers.LegacyScanner.restOfUncertainToken$1(LegacyScanner.scala:864)
	at scala.meta.internal.tokenizers.LegacyScanner.getNumber(LegacyScanner.scala:872)
	at scala.meta.internal.tokenizers.LegacyScanner.fetchToken(LegacyScanner.scala:335)
	at scala.meta.internal.tokenizers.LegacyScanner.nextToken(LegacyScanner.scala:211)
	at scala.meta.internal.tokenizers.LegacyScanner.foreach(LegacyScanner.scala:1011)
	at scala.meta.internal.tokenizers.ScalametaTokenizer.uncachedTokenize(ScalametaTokenizer.scala:24)
	at scala.meta.internal.tokenizers.ScalametaTokenizer.$anonfun$tokenize$1(ScalametaTokenizer.scala:17)
	at scala.collection.concurrent.TrieMap.getOrElseUpdate(TrieMap.scala:962)
	at scala.meta.internal.tokenizers.ScalametaTokenizer.tokenize(ScalametaTokenizer.scala:17)
	at scala.meta.internal.tokenizers.ScalametaTokenizer$$anon$2.apply(ScalametaTokenizer.scala:332)
	at scala.meta.tokenizers.Api$XtensionTokenizeDialectInput.tokenize(Api.scala:25)
	at scala.meta.tokenizers.Api$XtensionTokenizeInputLike.tokenize(Api.scala:14)
	at scala.meta.internal.metals.SemanticTokensProvider$.getTokens(SemanticTokensProvider.scala:28)
	at scala.meta.internal.metals.SemanticTokensProvider$.provide(SemanticTokensProvider.scala:89)
	at scala.meta.internal.metals.Compilers.$anonfun$semanticTokens$3(Compilers.scala:539)
	at scala.concurrent.impl.Promise$Transformation.run(Promise.scala:467)
	at java.util.concurrent.ThreadPoolExecutor.runWorker(ThreadPoolExecutor.java:1128)
	at java.util.concurrent.ThreadPoolExecutor$Worker.run(ThreadPoolExecutor.java:628)
	at java.lang.Thread.run(Thread.java:829)

2023.11.02 16:29:27 ERROR Failed to tokenize input for semantic tokens for /home/dio/Documents/it/languages/scala/uni/SE/ha01/arithmetic/src/main/scala/Main.scala
scala.meta.tokenizers.TokenizeException: <input>:31: error: Invalid literal number
          println( (-1ArithmeticExpression.evaluate(expression.productElement(0).asInstanceOf[ArithmeticExpression]))
                     ^
	at scala.meta.internal.tokenizers.Reporter.syntaxError(Reporter.scala:23)
	at scala.meta.internal.tokenizers.Reporter.syntaxError$(Reporter.scala:23)
	at scala.meta.internal.tokenizers.Reporter$$anon$1.syntaxError(Reporter.scala:33)
	at scala.meta.internal.tokenizers.Reporter.syntaxError(Reporter.scala:25)
	at scala.meta.internal.tokenizers.Reporter.syntaxError$(Reporter.scala:25)
	at scala.meta.internal.tokenizers.Reporter$$anon$1.syntaxError(Reporter.scala:33)
	at scala.meta.internal.tokenizers.LegacyScanner.checkNoLetter(LegacyScanner.scala:820)
	at scala.meta.internal.tokenizers.LegacyScanner.restOfUncertainToken$1(LegacyScanner.scala:864)
	at scala.meta.internal.tokenizers.LegacyScanner.getNumber(LegacyScanner.scala:872)
	at scala.meta.internal.tokenizers.LegacyScanner.fetchToken(LegacyScanner.scala:335)
	at scala.meta.internal.tokenizers.LegacyScanner.nextToken(LegacyScanner.scala:211)
	at scala.meta.internal.tokenizers.LegacyScanner.foreach(LegacyScanner.scala:1011)
	at scala.meta.internal.tokenizers.ScalametaTokenizer.uncachedTokenize(ScalametaTokenizer.scala:24)
	at scala.meta.internal.tokenizers.ScalametaTokenizer.$anonfun$tokenize$1(ScalametaTokenizer.scala:17)
	at scala.collection.concurrent.TrieMap.getOrElseUpdate(TrieMap.scala:962)
	at scala.meta.internal.tokenizers.ScalametaTokenizer.tokenize(ScalametaTokenizer.scala:17)
	at scala.meta.internal.tokenizers.ScalametaTokenizer$$anon$2.apply(ScalametaTokenizer.scala:332)
	at scala.meta.tokenizers.Api$XtensionTokenizeDialectInput.tokenize(Api.scala:25)
	at scala.meta.tokenizers.Api$XtensionTokenizeInputLike.tokenize(Api.scala:14)
	at scala.meta.internal.metals.SemanticTokensProvider$.getTokens(SemanticTokensProvider.scala:28)
	at scala.meta.internal.metals.SemanticTokensProvider$.provide(SemanticTokensProvider.scala:89)
	at scala.meta.internal.metals.Compilers.$anonfun$semanticTokens$3(Compilers.scala:539)
	at scala.concurrent.impl.Promise$Transformation.run(Promise.scala:467)
	at java.util.concurrent.ThreadPoolExecutor.runWorker(ThreadPoolExecutor.java:1128)
	at java.util.concurrent.ThreadPoolExecutor$Worker.run(ThreadPoolExecutor.java:628)
	at java.lang.Thread.run(Thread.java:829)

2023.11.02 16:29:30 WARN  no build target for: /home/dio/Documents/it/languages/scala/uni/SE/ha01/arithmetic/src/main/scala/Main.scala
2023.11.02 16:30:15 WARN  no build target for: /home/dio/Documents/it/languages/scala/uni/SE/ha01/arithmetic/src/main/scala/Main.scala
2023.11.02 16:30:33 WARN  no build target for: /home/dio/Documents/it/languages/scala/uni/SE/ha01/arithmetic/src/main/scala/Main.scala
2023.11.02 16:31:13 WARN  no build target for: /home/dio/Documents/it/languages/scala/uni/SE/ha01/arithmetic/src/main/scala/Main.scala
2023.11.02 16:31:33 WARN  no build target for: /home/dio/Documents/it/languages/scala/uni/SE/ha01/arithmetic/src/main/scala/Main.scala
2023.11.02 16:31:36 ERROR Failed to tokenize input for semantic tokens for /home/dio/Documents/it/languages/scala/uni/SE/ha01/arithmetic/src/main/scala/Main.scala
scala.meta.tokenizers.TokenizeException: <input>:34: error: unclosed comment
/*
^
	at scala.meta.internal.tokenizers.Reporter.incompleteInputError(Reporter.scala:27)
	at scala.meta.internal.tokenizers.Reporter.incompleteInputError$(Reporter.scala:26)
	at scala.meta.internal.tokenizers.Reporter$$anon$1.incompleteInputError(Reporter.scala:33)
	at scala.meta.internal.tokenizers.Reporter.incompleteInputError(Reporter.scala:29)
	at scala.meta.internal.tokenizers.Reporter.incompleteInputError$(Reporter.scala:29)
	at scala.meta.internal.tokenizers.Reporter$$anon$1.incompleteInputError(Reporter.scala:33)
	at scala.meta.internal.tokenizers.LegacyScanner.skipNestedComments(LegacyScanner.scala:52)
	at scala.meta.internal.tokenizers.LegacyScanner.skipToCommentEnd(LegacyScanner.scala:71)
	at scala.meta.internal.tokenizers.LegacyScanner.fetchToken(LegacyScanner.scala:313)
	at scala.meta.internal.tokenizers.LegacyScanner.nextToken(LegacyScanner.scala:211)
	at scala.meta.internal.tokenizers.LegacyScanner.foreach(LegacyScanner.scala:1011)
	at scala.meta.internal.tokenizers.ScalametaTokenizer.uncachedTokenize(ScalametaTokenizer.scala:24)
	at scala.meta.internal.tokenizers.ScalametaTokenizer.$anonfun$tokenize$1(ScalametaTokenizer.scala:17)
	at scala.collection.concurrent.TrieMap.getOrElseUpdate(TrieMap.scala:962)
	at scala.meta.internal.tokenizers.ScalametaTokenizer.tokenize(ScalametaTokenizer.scala:17)
	at scala.meta.internal.tokenizers.ScalametaTokenizer$$anon$2.apply(ScalametaTokenizer.scala:332)
	at scala.meta.tokenizers.Api$XtensionTokenizeDialectInput.tokenize(Api.scala:25)
	at scala.meta.tokenizers.Api$XtensionTokenizeInputLike.tokenize(Api.scala:14)
	at scala.meta.internal.metals.SemanticTokensProvider$.getTokens(SemanticTokensProvider.scala:28)
	at scala.meta.internal.metals.SemanticTokensProvider$.provide(SemanticTokensProvider.scala:89)
	at scala.meta.internal.metals.Compilers.$anonfun$semanticTokens$3(Compilers.scala:539)
	at scala.concurrent.impl.Promise$Transformation.run(Promise.scala:467)
	at java.util.concurrent.ThreadPoolExecutor.runWorker(ThreadPoolExecutor.java:1128)
	at java.util.concurrent.ThreadPoolExecutor$Worker.run(ThreadPoolExecutor.java:628)
	at java.lang.Thread.run(Thread.java:829)

2023.11.02 16:31:37 ERROR Failed to tokenize input for semantic tokens for /home/dio/Documents/it/languages/scala/uni/SE/ha01/arithmetic/src/main/scala/Main.scala
scala.meta.tokenizers.TokenizeException: <input>:34: error: unclosed comment
/*
^
	at scala.meta.internal.tokenizers.Reporter.incompleteInputError(Reporter.scala:27)
	at scala.meta.internal.tokenizers.Reporter.incompleteInputError$(Reporter.scala:26)
	at scala.meta.internal.tokenizers.Reporter$$anon$1.incompleteInputError(Reporter.scala:33)
	at scala.meta.internal.tokenizers.Reporter.incompleteInputError(Reporter.scala:29)
	at scala.meta.internal.tokenizers.Reporter.incompleteInputError$(Reporter.scala:29)
	at scala.meta.internal.tokenizers.Reporter$$anon$1.incompleteInputError(Reporter.scala:33)
	at scala.meta.internal.tokenizers.LegacyScanner.skipNestedComments(LegacyScanner.scala:52)
	at scala.meta.internal.tokenizers.LegacyScanner.skipToCommentEnd(LegacyScanner.scala:71)
	at scala.meta.internal.tokenizers.LegacyScanner.fetchToken(LegacyScanner.scala:313)
	at scala.meta.internal.tokenizers.LegacyScanner.nextToken(LegacyScanner.scala:211)
	at scala.meta.internal.tokenizers.LegacyScanner.foreach(LegacyScanner.scala:1011)
	at scala.meta.internal.tokenizers.ScalametaTokenizer.uncachedTokenize(ScalametaTokenizer.scala:24)
	at scala.meta.internal.tokenizers.ScalametaTokenizer.$anonfun$tokenize$1(ScalametaTokenizer.scala:17)
	at scala.collection.concurrent.TrieMap.getOrElseUpdate(TrieMap.scala:962)
	at scala.meta.internal.tokenizers.ScalametaTokenizer.tokenize(ScalametaTokenizer.scala:17)
	at scala.meta.internal.tokenizers.ScalametaTokenizer$$anon$2.apply(ScalametaTokenizer.scala:332)
	at scala.meta.tokenizers.Api$XtensionTokenizeDialectInput.tokenize(Api.scala:25)
	at scala.meta.tokenizers.Api$XtensionTokenizeInputLike.tokenize(Api.scala:14)
	at scala.meta.internal.metals.SemanticTokensProvider$.getTokens(SemanticTokensProvider.scala:28)
	at scala.meta.internal.metals.SemanticTokensProvider$.provide(SemanticTokensProvider.scala:89)
	at scala.meta.internal.metals.Compilers.$anonfun$semanticTokens$3(Compilers.scala:539)
	at scala.concurrent.impl.Promise$Transformation.run(Promise.scala:467)
	at java.util.concurrent.ThreadPoolExecutor.runWorker(ThreadPoolExecutor.java:1128)
	at java.util.concurrent.ThreadPoolExecutor$Worker.run(ThreadPoolExecutor.java:628)
	at java.lang.Thread.run(Thread.java:829)

2023.11.02 16:31:38 ERROR Failed to tokenize input for semantic tokens for /home/dio/Documents/it/languages/scala/uni/SE/ha01/arithmetic/src/main/scala/Main.scala
scala.meta.tokenizers.TokenizeException: <input>:34: error: unclosed comment
/*
^
	at scala.meta.internal.tokenizers.Reporter.incompleteInputError(Reporter.scala:27)
	at scala.meta.internal.tokenizers.Reporter.incompleteInputError$(Reporter.scala:26)
	at scala.meta.internal.tokenizers.Reporter$$anon$1.incompleteInputError(Reporter.scala:33)
	at scala.meta.internal.tokenizers.Reporter.incompleteInputError(Reporter.scala:29)
	at scala.meta.internal.tokenizers.Reporter.incompleteInputError$(Reporter.scala:29)
	at scala.meta.internal.tokenizers.Reporter$$anon$1.incompleteInputError(Reporter.scala:33)
	at scala.meta.internal.tokenizers.LegacyScanner.skipNestedComments(LegacyScanner.scala:52)
	at scala.meta.internal.tokenizers.LegacyScanner.skipToCommentEnd(LegacyScanner.scala:71)
	at scala.meta.internal.tokenizers.LegacyScanner.fetchToken(LegacyScanner.scala:313)
	at scala.meta.internal.tokenizers.LegacyScanner.nextToken(LegacyScanner.scala:211)
	at scala.meta.internal.tokenizers.LegacyScanner.foreach(LegacyScanner.scala:1011)
	at scala.meta.internal.tokenizers.ScalametaTokenizer.uncachedTokenize(ScalametaTokenizer.scala:24)
	at scala.meta.internal.tokenizers.ScalametaTokenizer.$anonfun$tokenize$1(ScalametaTokenizer.scala:17)
	at scala.collection.concurrent.TrieMap.getOrElseUpdate(TrieMap.scala:962)
	at scala.meta.internal.tokenizers.ScalametaTokenizer.tokenize(ScalametaTokenizer.scala:17)
	at scala.meta.internal.tokenizers.ScalametaTokenizer$$anon$2.apply(ScalametaTokenizer.scala:332)
	at scala.meta.tokenizers.Api$XtensionTokenizeDialectInput.tokenize(Api.scala:25)
	at scala.meta.tokenizers.Api$XtensionTokenizeInputLike.tokenize(Api.scala:14)
	at scala.meta.internal.metals.SemanticTokensProvider$.getTokens(SemanticTokensProvider.scala:28)
	at scala.meta.internal.metals.SemanticTokensProvider$.provide(SemanticTokensProvider.scala:89)
	at scala.meta.internal.metals.Compilers.$anonfun$semanticTokens$3(Compilers.scala:539)
	at scala.concurrent.impl.Promise$Transformation.run(Promise.scala:467)
	at java.util.concurrent.ThreadPoolExecutor.runWorker(ThreadPoolExecutor.java:1128)
	at java.util.concurrent.ThreadPoolExecutor$Worker.run(ThreadPoolExecutor.java:628)
	at java.lang.Thread.run(Thread.java:829)

2023.11.02 16:31:40 WARN  no build target for: /home/dio/Documents/it/languages/scala/uni/SE/ha01/arithmetic/src/main/scala/Main.scala
2023.11.02 16:32:26 WARN  no build target for: /home/dio/Documents/it/languages/scala/uni/SE/ha01/arithmetic/src/main/scala/Main.scala
2023.11.02 16:33:01 WARN  no build target for: /home/dio/Documents/it/languages/scala/uni/SE/ha01/arithmetic/src/main/scala/Main.scala
2023.11.02 16:33:07 WARN  no build target for: /home/dio/Documents/it/languages/scala/uni/SE/ha01/arithmetic/src/main/scala/Main.scala
2023.11.02 16:33:22 WARN  no build target for: /home/dio/Documents/it/languages/scala/uni/SE/ha01/arithmetic/src/main/scala/Main.scala
2023.11.02 16:35:54 WARN  no build target for: /home/dio/Documents/it/languages/scala/uni/SE/ha01/arithmetic/src/main/scala/Main.scala
2023.11.02 16:37:43 WARN  no build target for: /home/dio/Documents/it/languages/scala/uni/SE/ha01/arithmetic/src/main/scala/Main.scala
2023.11.02 16:38:14 WARN  no build target for: /home/dio/Documents/it/languages/scala/uni/SE/ha01/arithmetic/src/main/scala/Main.scala
2023.11.02 16:39:47 WARN  no build target for: /home/dio/Documents/it/languages/scala/uni/SE/ha01/arithmetic/src/main/scala/Main.scala
2023.11.02 16:40:02 WARN  no build target for: /home/dio/Documents/it/languages/scala/uni/SE/ha01/arithmetic/src/main/scala/Main.scala
2023.11.02 16:40:13 ERROR Failed to tokenize input for semantic tokens for /home/dio/Documents/it/languages/scala/uni/SE/ha01/arithmetic/src/main/scala/Main.scala
scala.meta.tokenizers.TokenizeException: <input>:43: error: unclosed comment
          /*
          ^
	at scala.meta.internal.tokenizers.Reporter.incompleteInputError(Reporter.scala:27)
	at scala.meta.internal.tokenizers.Reporter.incompleteInputError$(Reporter.scala:26)
	at scala.meta.internal.tokenizers.Reporter$$anon$1.incompleteInputError(Reporter.scala:33)
	at scala.meta.internal.tokenizers.Reporter.incompleteInputError(Reporter.scala:29)
	at scala.meta.internal.tokenizers.Reporter.incompleteInputError$(Reporter.scala:29)
	at scala.meta.internal.tokenizers.Reporter$$anon$1.incompleteInputError(Reporter.scala:33)
	at scala.meta.internal.tokenizers.LegacyScanner.skipNestedComments(LegacyScanner.scala:52)
	at scala.meta.internal.tokenizers.LegacyScanner.skipToCommentEnd(LegacyScanner.scala:71)
	at scala.meta.internal.tokenizers.LegacyScanner.fetchToken(LegacyScanner.scala:313)
	at scala.meta.internal.tokenizers.LegacyScanner.nextToken(LegacyScanner.scala:211)
	at scala.meta.internal.tokenizers.LegacyScanner.foreach(LegacyScanner.scala:1011)
	at scala.meta.internal.tokenizers.ScalametaTokenizer.uncachedTokenize(ScalametaTokenizer.scala:24)
	at scala.meta.internal.tokenizers.ScalametaTokenizer.$anonfun$tokenize$1(ScalametaTokenizer.scala:17)
	at scala.collection.concurrent.TrieMap.getOrElseUpdate(TrieMap.scala:962)
	at scala.meta.internal.tokenizers.ScalametaTokenizer.tokenize(ScalametaTokenizer.scala:17)
	at scala.meta.internal.tokenizers.ScalametaTokenizer$$anon$2.apply(ScalametaTokenizer.scala:332)
	at scala.meta.tokenizers.Api$XtensionTokenizeDialectInput.tokenize(Api.scala:25)
	at scala.meta.tokenizers.Api$XtensionTokenizeInputLike.tokenize(Api.scala:14)
	at scala.meta.internal.metals.SemanticTokensProvider$.getTokens(SemanticTokensProvider.scala:28)
	at scala.meta.internal.metals.SemanticTokensProvider$.provide(SemanticTokensProvider.scala:89)
	at scala.meta.internal.metals.Compilers.$anonfun$semanticTokens$3(Compilers.scala:539)
	at scala.concurrent.impl.Promise$Transformation.run(Promise.scala:467)
	at java.util.concurrent.ThreadPoolExecutor.runWorker(ThreadPoolExecutor.java:1128)
	at java.util.concurrent.ThreadPoolExecutor$Worker.run(ThreadPoolExecutor.java:628)
	at java.lang.Thread.run(Thread.java:829)

2023.11.02 16:40:17 ERROR Failed to tokenize input for semantic tokens for /home/dio/Documents/it/languages/scala/uni/SE/ha01/arithmetic/src/main/scala/Main.scala
scala.meta.tokenizers.TokenizeException: <input>:43: error: unclosed comment
          /*
          ^
	at scala.meta.internal.tokenizers.Reporter.incompleteInputError(Reporter.scala:27)
	at scala.meta.internal.tokenizers.Reporter.incompleteInputError$(Reporter.scala:26)
	at scala.meta.internal.tokenizers.Reporter$$anon$1.incompleteInputError(Reporter.scala:33)
	at scala.meta.internal.tokenizers.Reporter.incompleteInputError(Reporter.scala:29)
	at scala.meta.internal.tokenizers.Reporter.incompleteInputError$(Reporter.scala:29)
	at scala.meta.internal.tokenizers.Reporter$$anon$1.incompleteInputError(Reporter.scala:33)
	at scala.meta.internal.tokenizers.LegacyScanner.skipNestedComments(LegacyScanner.scala:52)
	at scala.meta.internal.tokenizers.LegacyScanner.skipToCommentEnd(LegacyScanner.scala:71)
	at scala.meta.internal.tokenizers.LegacyScanner.fetchToken(LegacyScanner.scala:313)
	at scala.meta.internal.tokenizers.LegacyScanner.nextToken(LegacyScanner.scala:211)
	at scala.meta.internal.tokenizers.LegacyScanner.foreach(LegacyScanner.scala:1011)
	at scala.meta.internal.tokenizers.ScalametaTokenizer.uncachedTokenize(ScalametaTokenizer.scala:24)
	at scala.meta.internal.tokenizers.ScalametaTokenizer.$anonfun$tokenize$1(ScalametaTokenizer.scala:17)
	at scala.collection.concurrent.TrieMap.getOrElseUpdate(TrieMap.scala:962)
	at scala.meta.internal.tokenizers.ScalametaTokenizer.tokenize(ScalametaTokenizer.scala:17)
	at scala.meta.internal.tokenizers.ScalametaTokenizer$$anon$2.apply(ScalametaTokenizer.scala:332)
	at scala.meta.tokenizers.Api$XtensionTokenizeDialectInput.tokenize(Api.scala:25)
	at scala.meta.tokenizers.Api$XtensionTokenizeInputLike.tokenize(Api.scala:14)
	at scala.meta.internal.metals.SemanticTokensProvider$.getTokens(SemanticTokensProvider.scala:28)
	at scala.meta.internal.metals.SemanticTokensProvider$.provide(SemanticTokensProvider.scala:89)
	at scala.meta.internal.metals.Compilers.$anonfun$semanticTokens$3(Compilers.scala:539)
	at scala.concurrent.impl.Promise$Transformation.run(Promise.scala:467)
	at java.util.concurrent.ThreadPoolExecutor.runWorker(ThreadPoolExecutor.java:1128)
	at java.util.concurrent.ThreadPoolExecutor$Worker.run(ThreadPoolExecutor.java:628)
	at java.lang.Thread.run(Thread.java:829)

2023.11.02 16:40:18 ERROR Failed to tokenize input for semantic tokens for /home/dio/Documents/it/languages/scala/uni/SE/ha01/arithmetic/src/main/scala/Main.scala
scala.meta.tokenizers.TokenizeException: <input>:43: error: unclosed comment
          /*
          ^
	at scala.meta.internal.tokenizers.Reporter.incompleteInputError(Reporter.scala:27)
	at scala.meta.internal.tokenizers.Reporter.incompleteInputError$(Reporter.scala:26)
	at scala.meta.internal.tokenizers.Reporter$$anon$1.incompleteInputError(Reporter.scala:33)
	at scala.meta.internal.tokenizers.Reporter.incompleteInputError(Reporter.scala:29)
	at scala.meta.internal.tokenizers.Reporter.incompleteInputError$(Reporter.scala:29)
	at scala.meta.internal.tokenizers.Reporter$$anon$1.incompleteInputError(Reporter.scala:33)
	at scala.meta.internal.tokenizers.LegacyScanner.skipNestedComments(LegacyScanner.scala:52)
	at scala.meta.internal.tokenizers.LegacyScanner.skipToCommentEnd(LegacyScanner.scala:71)
	at scala.meta.internal.tokenizers.LegacyScanner.fetchToken(LegacyScanner.scala:313)
	at scala.meta.internal.tokenizers.LegacyScanner.nextToken(LegacyScanner.scala:211)
	at scala.meta.internal.tokenizers.LegacyScanner.foreach(LegacyScanner.scala:1011)
	at scala.meta.internal.tokenizers.ScalametaTokenizer.uncachedTokenize(ScalametaTokenizer.scala:24)
	at scala.meta.internal.tokenizers.ScalametaTokenizer.$anonfun$tokenize$1(ScalametaTokenizer.scala:17)
	at scala.collection.concurrent.TrieMap.getOrElseUpdate(TrieMap.scala:962)
	at scala.meta.internal.tokenizers.ScalametaTokenizer.tokenize(ScalametaTokenizer.scala:17)
	at scala.meta.internal.tokenizers.ScalametaTokenizer$$anon$2.apply(ScalametaTokenizer.scala:332)
	at scala.meta.tokenizers.Api$XtensionTokenizeDialectInput.tokenize(Api.scala:25)
	at scala.meta.tokenizers.Api$XtensionTokenizeInputLike.tokenize(Api.scala:14)
	at scala.meta.internal.metals.SemanticTokensProvider$.getTokens(SemanticTokensProvider.scala:28)
	at scala.meta.internal.metals.SemanticTokensProvider$.provide(SemanticTokensProvider.scala:89)
	at scala.meta.internal.metals.Compilers.$anonfun$semanticTokens$3(Compilers.scala:539)
	at scala.concurrent.impl.Promise$Transformation.run(Promise.scala:467)
	at java.util.concurrent.ThreadPoolExecutor.runWorker(ThreadPoolExecutor.java:1128)
	at java.util.concurrent.ThreadPoolExecutor$Worker.run(ThreadPoolExecutor.java:628)
	at java.lang.Thread.run(Thread.java:829)

2023.11.02 16:40:18 ERROR Failed to tokenize input for semantic tokens for /home/dio/Documents/it/languages/scala/uni/SE/ha01/arithmetic/src/main/scala/Main.scala
scala.meta.tokenizers.TokenizeException: <input>:43: error: unclosed comment
          /*
          ^
	at scala.meta.internal.tokenizers.Reporter.incompleteInputError(Reporter.scala:27)
	at scala.meta.internal.tokenizers.Reporter.incompleteInputError$(Reporter.scala:26)
	at scala.meta.internal.tokenizers.Reporter$$anon$1.incompleteInputError(Reporter.scala:33)
	at scala.meta.internal.tokenizers.Reporter.incompleteInputError(Reporter.scala:29)
	at scala.meta.internal.tokenizers.Reporter.incompleteInputError$(Reporter.scala:29)
	at scala.meta.internal.tokenizers.Reporter$$anon$1.incompleteInputError(Reporter.scala:33)
	at scala.meta.internal.tokenizers.LegacyScanner.skipNestedComments(LegacyScanner.scala:52)
	at scala.meta.internal.tokenizers.LegacyScanner.skipToCommentEnd(LegacyScanner.scala:71)
	at scala.meta.internal.tokenizers.LegacyScanner.fetchToken(LegacyScanner.scala:313)
	at scala.meta.internal.tokenizers.LegacyScanner.nextToken(LegacyScanner.scala:211)
	at scala.meta.internal.tokenizers.LegacyScanner.foreach(LegacyScanner.scala:1011)
	at scala.meta.internal.tokenizers.ScalametaTokenizer.uncachedTokenize(ScalametaTokenizer.scala:24)
	at scala.meta.internal.tokenizers.ScalametaTokenizer.$anonfun$tokenize$1(ScalametaTokenizer.scala:17)
	at scala.collection.concurrent.TrieMap.getOrElseUpdate(TrieMap.scala:962)
	at scala.meta.internal.tokenizers.ScalametaTokenizer.tokenize(ScalametaTokenizer.scala:17)
	at scala.meta.internal.tokenizers.ScalametaTokenizer$$anon$2.apply(ScalametaTokenizer.scala:332)
	at scala.meta.tokenizers.Api$XtensionTokenizeDialectInput.tokenize(Api.scala:25)
	at scala.meta.tokenizers.Api$XtensionTokenizeInputLike.tokenize(Api.scala:14)
	at scala.meta.internal.metals.SemanticTokensProvider$.getTokens(SemanticTokensProvider.scala:28)
	at scala.meta.internal.metals.SemanticTokensProvider$.provide(SemanticTokensProvider.scala:89)
	at scala.meta.internal.metals.Compilers.$anonfun$semanticTokens$3(Compilers.scala:539)
	at scala.concurrent.impl.Promise$Transformation.run(Promise.scala:467)
	at java.util.concurrent.ThreadPoolExecutor.runWorker(ThreadPoolExecutor.java:1128)
	at java.util.concurrent.ThreadPoolExecutor$Worker.run(ThreadPoolExecutor.java:628)
	at java.lang.Thread.run(Thread.java:829)

2023.11.02 16:40:18 ERROR Failed to tokenize input for semantic tokens for /home/dio/Documents/it/languages/scala/uni/SE/ha01/arithmetic/src/main/scala/Main.scala
scala.meta.tokenizers.TokenizeException: <input>:43: error: unclosed comment
          /*
          ^
	at scala.meta.internal.tokenizers.Reporter.incompleteInputError(Reporter.scala:27)
	at scala.meta.internal.tokenizers.Reporter.incompleteInputError$(Reporter.scala:26)
	at scala.meta.internal.tokenizers.Reporter$$anon$1.incompleteInputError(Reporter.scala:33)
	at scala.meta.internal.tokenizers.Reporter.incompleteInputError(Reporter.scala:29)
	at scala.meta.internal.tokenizers.Reporter.incompleteInputError$(Reporter.scala:29)
	at scala.meta.internal.tokenizers.Reporter$$anon$1.incompleteInputError(Reporter.scala:33)
	at scala.meta.internal.tokenizers.LegacyScanner.skipNestedComments(LegacyScanner.scala:52)
	at scala.meta.internal.tokenizers.LegacyScanner.skipToCommentEnd(LegacyScanner.scala:71)
	at scala.meta.internal.tokenizers.LegacyScanner.fetchToken(LegacyScanner.scala:313)
	at scala.meta.internal.tokenizers.LegacyScanner.nextToken(LegacyScanner.scala:211)
	at scala.meta.internal.tokenizers.LegacyScanner.foreach(LegacyScanner.scala:1011)
	at scala.meta.internal.tokenizers.ScalametaTokenizer.uncachedTokenize(ScalametaTokenizer.scala:24)
	at scala.meta.internal.tokenizers.ScalametaTokenizer.$anonfun$tokenize$1(ScalametaTokenizer.scala:17)
	at scala.collection.concurrent.TrieMap.getOrElseUpdate(TrieMap.scala:962)
	at scala.meta.internal.tokenizers.ScalametaTokenizer.tokenize(ScalametaTokenizer.scala:17)
	at scala.meta.internal.tokenizers.ScalametaTokenizer$$anon$2.apply(ScalametaTokenizer.scala:332)
	at scala.meta.tokenizers.Api$XtensionTokenizeDialectInput.tokenize(Api.scala:25)
	at scala.meta.tokenizers.Api$XtensionTokenizeInputLike.tokenize(Api.scala:14)
	at scala.meta.internal.metals.SemanticTokensProvider$.getTokens(SemanticTokensProvider.scala:28)
	at scala.meta.internal.metals.SemanticTokensProvider$.provide(SemanticTokensProvider.scala:89)
	at scala.meta.internal.metals.Compilers.$anonfun$semanticTokens$3(Compilers.scala:539)
	at scala.concurrent.impl.Promise$Transformation.run(Promise.scala:467)
	at java.util.concurrent.ThreadPoolExecutor.runWorker(ThreadPoolExecutor.java:1128)
	at java.util.concurrent.ThreadPoolExecutor$Worker.run(ThreadPoolExecutor.java:628)
	at java.lang.Thread.run(Thread.java:829)

2023.11.02 16:40:20 WARN  no build target for: /home/dio/Documents/it/languages/scala/uni/SE/ha01/arithmetic/src/main/scala/Main.scala
2023.11.02 16:41:58 ERROR Failed to tokenize input for semantic tokens for /home/dio/Documents/it/languages/scala/uni/SE/ha01/arithmetic/src/main/scala/Main.scala
scala.meta.tokenizers.TokenizeException: <input>:43: error: unclosed comment
          /*
          ^
	at scala.meta.internal.tokenizers.Reporter.incompleteInputError(Reporter.scala:27)
	at scala.meta.internal.tokenizers.Reporter.incompleteInputError$(Reporter.scala:26)
	at scala.meta.internal.tokenizers.Reporter$$anon$1.incompleteInputError(Reporter.scala:33)
	at scala.meta.internal.tokenizers.Reporter.incompleteInputError(Reporter.scala:29)
	at scala.meta.internal.tokenizers.Reporter.incompleteInputError$(Reporter.scala:29)
	at scala.meta.internal.tokenizers.Reporter$$anon$1.incompleteInputError(Reporter.scala:33)
	at scala.meta.internal.tokenizers.LegacyScanner.skipNestedComments(LegacyScanner.scala:52)
	at scala.meta.internal.tokenizers.LegacyScanner.skipToCommentEnd(LegacyScanner.scala:71)
	at scala.meta.internal.tokenizers.LegacyScanner.fetchToken(LegacyScanner.scala:313)
	at scala.meta.internal.tokenizers.LegacyScanner.nextToken(LegacyScanner.scala:211)
	at scala.meta.internal.tokenizers.LegacyScanner.foreach(LegacyScanner.scala:1011)
	at scala.meta.internal.tokenizers.ScalametaTokenizer.uncachedTokenize(ScalametaTokenizer.scala:24)
	at scala.meta.internal.tokenizers.ScalametaTokenizer.$anonfun$tokenize$1(ScalametaTokenizer.scala:17)
	at scala.collection.concurrent.TrieMap.getOrElseUpdate(TrieMap.scala:962)
	at scala.meta.internal.tokenizers.ScalametaTokenizer.tokenize(ScalametaTokenizer.scala:17)
	at scala.meta.internal.tokenizers.ScalametaTokenizer$$anon$2.apply(ScalametaTokenizer.scala:332)
	at scala.meta.tokenizers.Api$XtensionTokenizeDialectInput.tokenize(Api.scala:25)
	at scala.meta.tokenizers.Api$XtensionTokenizeInputLike.tokenize(Api.scala:14)
	at scala.meta.internal.metals.SemanticTokensProvider$.getTokens(SemanticTokensProvider.scala:28)
	at scala.meta.internal.metals.SemanticTokensProvider$.provide(SemanticTokensProvider.scala:89)
	at scala.meta.internal.metals.Compilers.$anonfun$semanticTokens$3(Compilers.scala:539)
	at scala.concurrent.impl.Promise$Transformation.run(Promise.scala:467)
	at java.util.concurrent.ThreadPoolExecutor.runWorker(ThreadPoolExecutor.java:1128)
	at java.util.concurrent.ThreadPoolExecutor$Worker.run(ThreadPoolExecutor.java:628)
	at java.lang.Thread.run(Thread.java:829)

2023.11.02 16:42:02 WARN  no build target for: /home/dio/Documents/it/languages/scala/uni/SE/ha01/arithmetic/src/main/scala/Main.scala
2023.11.02 16:42:10 WARN  no build target for: /home/dio/Documents/it/languages/scala/uni/SE/ha01/arithmetic/src/main/scala/Main.scala
2023.11.02 16:42:28 WARN  no build target for: /home/dio/Documents/it/languages/scala/uni/SE/ha01/arithmetic/src/main/scala/Main.scala
2023.11.02 16:42:45 WARN  no build target for: /home/dio/Documents/it/languages/scala/uni/SE/ha01/arithmetic/src/main/scala/Main.scala
Nov 02, 2023 4:42:57 PM org.eclipse.lsp4j.jsonrpc.RemoteEndpoint handleCancellation
WARNING: Unmatched cancel notification for request id 6412
2023.11.02 16:44:12 WARN  no build target for: /home/dio/Documents/it/languages/scala/uni/SE/ha01/arithmetic/src/main/scala/Main.scala
2023.11.02 16:44:43 WARN  no build target for: /home/dio/Documents/it/languages/scala/uni/SE/ha01/arithmetic/src/main/scala/Main.scala
2023.11.02 16:45:09 WARN  no build target for: /home/dio/Documents/it/languages/scala/uni/SE/ha01/arithmetic/src/main/scala/Main.scala
2023.11.02 16:45:43 WARN  no build target for: /home/dio/Documents/it/languages/scala/uni/SE/ha01/arithmetic/src/main/scala/Main.scala
2023.11.02 16:45:52 WARN  no build target for: /home/dio/Documents/it/languages/scala/uni/SE/ha01/arithmetic/src/main/scala/Main.scala
2023.11.02 16:45:57 WARN  no build target for: /home/dio/Documents/it/languages/scala/uni/SE/ha01/arithmetic/src/main/scala/Main.scala
2023.11.02 16:46:22 WARN  no build target for: /home/dio/Documents/it/languages/scala/uni/SE/ha01/arithmetic/src/main/scala/Main.scala
2023.11.02 16:46:38 WARN  no build target for: /home/dio/Documents/it/languages/scala/uni/SE/ha01/arithmetic/src/main/scala/Main.scala
2023.11.02 16:47:19 WARN  no build target for: /home/dio/Documents/it/languages/scala/uni/SE/ha01/arithmetic/src/main/scala/Main.scala
2023.11.02 16:47:52 WARN  no build target for: /home/dio/Documents/it/languages/scala/uni/SE/ha01/arithmetic/src/main/scala/Main.scala
2023.11.02 16:53:04 WARN  no build target for: /home/dio/Documents/it/languages/scala/uni/SE/ha01/arithmetic/src/main/scala/Main.scala
2023.11.02 16:53:36 ERROR Failed to tokenize input for semantic tokens for /home/dio/Documents/it/languages/scala/uni/SE/ha01/arithmetic/src/main/scala/Main.scala
scala.meta.tokenizers.TokenizeException: <input>:87: error: unclosed string literal
          return  "extractDouble(expression.productElement(0)).get.toString()
                  ^
	at scala.meta.internal.tokenizers.Reporter.syntaxError(Reporter.scala:23)
	at scala.meta.internal.tokenizers.Reporter.syntaxError$(Reporter.scala:23)
	at scala.meta.internal.tokenizers.Reporter$$anon$1.syntaxError(Reporter.scala:33)
	at scala.meta.internal.tokenizers.Reporter.syntaxError(Reporter.scala:25)
	at scala.meta.internal.tokenizers.Reporter.syntaxError$(Reporter.scala:25)
	at scala.meta.internal.tokenizers.Reporter$$anon$1.syntaxError(Reporter.scala:33)
	at scala.meta.internal.tokenizers.LegacyScanner.getStringLit(LegacyScanner.scala:553)
	at scala.meta.internal.tokenizers.LegacyScanner.fetchDoubleQuote$1(LegacyScanner.scala:372)
	at scala.meta.internal.tokenizers.LegacyScanner.fetchToken(LegacyScanner.scala:376)
	at scala.meta.internal.tokenizers.LegacyScanner.nextToken(LegacyScanner.scala:211)
	at scala.meta.internal.tokenizers.LegacyScanner.foreach(LegacyScanner.scala:1011)
	at scala.meta.internal.tokenizers.ScalametaTokenizer.uncachedTokenize(ScalametaTokenizer.scala:24)
	at scala.meta.internal.tokenizers.ScalametaTokenizer.$anonfun$tokenize$1(ScalametaTokenizer.scala:17)
	at scala.collection.concurrent.TrieMap.getOrElseUpdate(TrieMap.scala:962)
	at scala.meta.internal.tokenizers.ScalametaTokenizer.tokenize(ScalametaTokenizer.scala:17)
	at scala.meta.internal.tokenizers.ScalametaTokenizer$$anon$2.apply(ScalametaTokenizer.scala:332)
	at scala.meta.tokenizers.Api$XtensionTokenizeDialectInput.tokenize(Api.scala:25)
	at scala.meta.tokenizers.Api$XtensionTokenizeInputLike.tokenize(Api.scala:14)
	at scala.meta.internal.metals.SemanticTokensProvider$.getTokens(SemanticTokensProvider.scala:28)
	at scala.meta.internal.metals.SemanticTokensProvider$.provide(SemanticTokensProvider.scala:89)
	at scala.meta.internal.metals.Compilers.$anonfun$semanticTokens$3(Compilers.scala:539)
	at scala.concurrent.impl.Promise$Transformation.run(Promise.scala:467)
	at java.util.concurrent.ThreadPoolExecutor.runWorker(ThreadPoolExecutor.java:1128)
	at java.util.concurrent.ThreadPoolExecutor$Worker.run(ThreadPoolExecutor.java:628)
	at java.lang.Thread.run(Thread.java:829)

2023.11.02 16:53:37 ERROR Failed to tokenize input for semantic tokens for /home/dio/Documents/it/languages/scala/uni/SE/ha01/arithmetic/src/main/scala/Main.scala
scala.meta.tokenizers.TokenizeException: <input>:87: error: unclosed string literal
          return  "(extractDouble(expression.productElement(0)).get.toString()
                  ^
	at scala.meta.internal.tokenizers.Reporter.syntaxError(Reporter.scala:23)
	at scala.meta.internal.tokenizers.Reporter.syntaxError$(Reporter.scala:23)
	at scala.meta.internal.tokenizers.Reporter$$anon$1.syntaxError(Reporter.scala:33)
	at scala.meta.internal.tokenizers.Reporter.syntaxError(Reporter.scala:25)
	at scala.meta.internal.tokenizers.Reporter.syntaxError$(Reporter.scala:25)
	at scala.meta.internal.tokenizers.Reporter$$anon$1.syntaxError(Reporter.scala:33)
	at scala.meta.internal.tokenizers.LegacyScanner.getStringLit(LegacyScanner.scala:553)
	at scala.meta.internal.tokenizers.LegacyScanner.fetchDoubleQuote$1(LegacyScanner.scala:372)
	at scala.meta.internal.tokenizers.LegacyScanner.fetchToken(LegacyScanner.scala:376)
	at scala.meta.internal.tokenizers.LegacyScanner.nextToken(LegacyScanner.scala:211)
	at scala.meta.internal.tokenizers.LegacyScanner.foreach(LegacyScanner.scala:1011)
	at scala.meta.internal.tokenizers.ScalametaTokenizer.uncachedTokenize(ScalametaTokenizer.scala:24)
	at scala.meta.internal.tokenizers.ScalametaTokenizer.$anonfun$tokenize$1(ScalametaTokenizer.scala:17)
	at scala.collection.concurrent.TrieMap.getOrElseUpdate(TrieMap.scala:962)
	at scala.meta.internal.tokenizers.ScalametaTokenizer.tokenize(ScalametaTokenizer.scala:17)
	at scala.meta.internal.tokenizers.ScalametaTokenizer$$anon$2.apply(ScalametaTokenizer.scala:332)
	at scala.meta.tokenizers.Api$XtensionTokenizeDialectInput.tokenize(Api.scala:25)
	at scala.meta.tokenizers.Api$XtensionTokenizeInputLike.tokenize(Api.scala:14)
	at scala.meta.internal.metals.SemanticTokensProvider$.getTokens(SemanticTokensProvider.scala:28)
	at scala.meta.internal.metals.SemanticTokensProvider$.provide(SemanticTokensProvider.scala:89)
	at scala.meta.internal.metals.Compilers.$anonfun$semanticTokens$3(Compilers.scala:539)
	at scala.concurrent.impl.Promise$Transformation.run(Promise.scala:467)
	at java.util.concurrent.ThreadPoolExecutor.runWorker(ThreadPoolExecutor.java:1128)
	at java.util.concurrent.ThreadPoolExecutor$Worker.run(ThreadPoolExecutor.java:628)
	at java.lang.Thread.run(Thread.java:829)

2023.11.02 16:53:50 WARN  no build target for: /home/dio/Documents/it/languages/scala/uni/SE/ha01/arithmetic/src/main/scala/Main.scala
2023.11.02 16:53:57 WARN  no build target for: /home/dio/Documents/it/languages/scala/uni/SE/ha01/arithmetic/src/main/scala/Main.scala
Nov 02, 2023 4:54:10 PM org.eclipse.lsp4j.jsonrpc.RemoteEndpoint handleCancellation
WARNING: Unmatched cancel notification for request id 7637
2023.11.02 16:54:18 WARN  no build target for: /home/dio/Documents/it/languages/scala/uni/SE/ha01/arithmetic/src/main/scala/Main.scala
2023.11.02 16:55:04 WARN  no build target for: /home/dio/Documents/it/languages/scala/uni/SE/ha01/arithmetic/src/main/scala/Main.scala
2023.11.02 16:55:14 WARN  no build target for: /home/dio/Documents/it/languages/scala/uni/SE/ha01/arithmetic/src/main/scala/Main.scala
2023.11.02 16:55:56 WARN  no build target for: /home/dio/Documents/it/languages/scala/uni/SE/ha01/arithmetic/src/main/scala/Main.scala
2023.11.02 16:56:43 WARN  no build target for: /home/dio/Documents/it/languages/scala/uni/SE/ha01/arithmetic/src/main/scala/Main.scala
2023.11.02 16:57:16 ERROR Failed to tokenize input for semantic tokens for /home/dio/Documents/it/languages/scala/uni/SE/ha01/arithmetic/src/main/scala/Main.scala
scala.meta.tokenizers.TokenizeException: <input>:94: error: unclosed string literal
          return "(-1) * ArithmeticExpression.evaluate(expression.productElement(0).asInstanceOf[ArithmeticExpression])
                 ^
	at scala.meta.internal.tokenizers.Reporter.syntaxError(Reporter.scala:23)
	at scala.meta.internal.tokenizers.Reporter.syntaxError$(Reporter.scala:23)
	at scala.meta.internal.tokenizers.Reporter$$anon$1.syntaxError(Reporter.scala:33)
	at scala.meta.internal.tokenizers.Reporter.syntaxError(Reporter.scala:25)
	at scala.meta.internal.tokenizers.Reporter.syntaxError$(Reporter.scala:25)
	at scala.meta.internal.tokenizers.Reporter$$anon$1.syntaxError(Reporter.scala:33)
	at scala.meta.internal.tokenizers.LegacyScanner.getStringLit(LegacyScanner.scala:553)
	at scala.meta.internal.tokenizers.LegacyScanner.fetchDoubleQuote$1(LegacyScanner.scala:372)
	at scala.meta.internal.tokenizers.LegacyScanner.fetchToken(LegacyScanner.scala:376)
	at scala.meta.internal.tokenizers.LegacyScanner.nextToken(LegacyScanner.scala:211)
	at scala.meta.internal.tokenizers.LegacyScanner.foreach(LegacyScanner.scala:1011)
	at scala.meta.internal.tokenizers.ScalametaTokenizer.uncachedTokenize(ScalametaTokenizer.scala:24)
	at scala.meta.internal.tokenizers.ScalametaTokenizer.$anonfun$tokenize$1(ScalametaTokenizer.scala:17)
	at scala.collection.concurrent.TrieMap.getOrElseUpdate(TrieMap.scala:962)
	at scala.meta.internal.tokenizers.ScalametaTokenizer.tokenize(ScalametaTokenizer.scala:17)
	at scala.meta.internal.tokenizers.ScalametaTokenizer$$anon$2.apply(ScalametaTokenizer.scala:332)
	at scala.meta.tokenizers.Api$XtensionTokenizeDialectInput.tokenize(Api.scala:25)
	at scala.meta.tokenizers.Api$XtensionTokenizeInputLike.tokenize(Api.scala:14)
	at scala.meta.internal.metals.SemanticTokensProvider$.getTokens(SemanticTokensProvider.scala:28)
	at scala.meta.internal.metals.SemanticTokensProvider$.provide(SemanticTokensProvider.scala:89)
	at scala.meta.internal.metals.Compilers.$anonfun$semanticTokens$3(Compilers.scala:539)
	at scala.concurrent.impl.Promise$Transformation.run(Promise.scala:467)
	at java.util.concurrent.ThreadPoolExecutor.runWorker(ThreadPoolExecutor.java:1128)
	at java.util.concurrent.ThreadPoolExecutor$Worker.run(ThreadPoolExecutor.java:628)
	at java.lang.Thread.run(Thread.java:829)

2023.11.02 16:57:17 ERROR Failed to tokenize input for semantic tokens for /home/dio/Documents/it/languages/scala/uni/SE/ha01/arithmetic/src/main/scala/Main.scala
scala.meta.tokenizers.TokenizeException: <input>:94: error: unclosed string literal
          return "((-1) * ArithmeticExpression.evaluate(expression.productElement(0).asInstanceOf[ArithmeticExpression])
                 ^
	at scala.meta.internal.tokenizers.Reporter.syntaxError(Reporter.scala:23)
	at scala.meta.internal.tokenizers.Reporter.syntaxError$(Reporter.scala:23)
	at scala.meta.internal.tokenizers.Reporter$$anon$1.syntaxError(Reporter.scala:33)
	at scala.meta.internal.tokenizers.Reporter.syntaxError(Reporter.scala:25)
	at scala.meta.internal.tokenizers.Reporter.syntaxError$(Reporter.scala:25)
	at scala.meta.internal.tokenizers.Reporter$$anon$1.syntaxError(Reporter.scala:33)
	at scala.meta.internal.tokenizers.LegacyScanner.getStringLit(LegacyScanner.scala:553)
	at scala.meta.internal.tokenizers.LegacyScanner.fetchDoubleQuote$1(LegacyScanner.scala:372)
	at scala.meta.internal.tokenizers.LegacyScanner.fetchToken(LegacyScanner.scala:376)
	at scala.meta.internal.tokenizers.LegacyScanner.nextToken(LegacyScanner.scala:211)
	at scala.meta.internal.tokenizers.LegacyScanner.foreach(LegacyScanner.scala:1011)
	at scala.meta.internal.tokenizers.ScalametaTokenizer.uncachedTokenize(ScalametaTokenizer.scala:24)
	at scala.meta.internal.tokenizers.ScalametaTokenizer.$anonfun$tokenize$1(ScalametaTokenizer.scala:17)
	at scala.collection.concurrent.TrieMap.getOrElseUpdate(TrieMap.scala:962)
	at scala.meta.internal.tokenizers.ScalametaTokenizer.tokenize(ScalametaTokenizer.scala:17)
	at scala.meta.internal.tokenizers.ScalametaTokenizer$$anon$2.apply(ScalametaTokenizer.scala:332)
	at scala.meta.tokenizers.Api$XtensionTokenizeDialectInput.tokenize(Api.scala:25)
	at scala.meta.tokenizers.Api$XtensionTokenizeInputLike.tokenize(Api.scala:14)
	at scala.meta.internal.metals.SemanticTokensProvider$.getTokens(SemanticTokensProvider.scala:28)
	at scala.meta.internal.metals.SemanticTokensProvider$.provide(SemanticTokensProvider.scala:89)
	at scala.meta.internal.metals.Compilers.$anonfun$semanticTokens$3(Compilers.scala:539)
	at scala.concurrent.impl.Promise$Transformation.run(Promise.scala:467)
	at java.util.concurrent.ThreadPoolExecutor.runWorker(ThreadPoolExecutor.java:1128)
	at java.util.concurrent.ThreadPoolExecutor$Worker.run(ThreadPoolExecutor.java:628)
	at java.lang.Thread.run(Thread.java:829)

2023.11.02 16:57:34 WARN  no build target for: /home/dio/Documents/it/languages/scala/uni/SE/ha01/arithmetic/src/main/scala/Main.scala
2023.11.02 16:57:41 WARN  no build target for: /home/dio/Documents/it/languages/scala/uni/SE/ha01/arithmetic/src/main/scala/Main.scala
2023.11.02 16:58:10 WARN  no build target for: /home/dio/Documents/it/languages/scala/uni/SE/ha01/arithmetic/src/main/scala/Main.scala
2023.11.02 16:58:57 ERROR Failed to tokenize input for semantic tokens for /home/dio/Documents/it/languages/scala/uni/SE/ha01/arithmetic/src/main/scala/Main.scala
scala.meta.tokenizers.TokenizeException: <input>:104: error: unclosed string literal
            "(ArithmeticExpression.evaluate(expression.productElement(0).asInstanceOf[ArithmeticExpression]) 
            ^
	at scala.meta.internal.tokenizers.Reporter.syntaxError(Reporter.scala:23)
	at scala.meta.internal.tokenizers.Reporter.syntaxError$(Reporter.scala:23)
	at scala.meta.internal.tokenizers.Reporter$$anon$1.syntaxError(Reporter.scala:33)
	at scala.meta.internal.tokenizers.Reporter.syntaxError(Reporter.scala:25)
	at scala.meta.internal.tokenizers.Reporter.syntaxError$(Reporter.scala:25)
	at scala.meta.internal.tokenizers.Reporter$$anon$1.syntaxError(Reporter.scala:33)
	at scala.meta.internal.tokenizers.LegacyScanner.getStringLit(LegacyScanner.scala:553)
	at scala.meta.internal.tokenizers.LegacyScanner.fetchDoubleQuote$1(LegacyScanner.scala:372)
	at scala.meta.internal.tokenizers.LegacyScanner.fetchToken(LegacyScanner.scala:376)
	at scala.meta.internal.tokenizers.LegacyScanner.nextToken(LegacyScanner.scala:211)
	at scala.meta.internal.tokenizers.LegacyScanner.foreach(LegacyScanner.scala:1011)
	at scala.meta.internal.tokenizers.ScalametaTokenizer.uncachedTokenize(ScalametaTokenizer.scala:24)
	at scala.meta.internal.tokenizers.ScalametaTokenizer.$anonfun$tokenize$1(ScalametaTokenizer.scala:17)
	at scala.collection.concurrent.TrieMap.getOrElseUpdate(TrieMap.scala:962)
	at scala.meta.internal.tokenizers.ScalametaTokenizer.tokenize(ScalametaTokenizer.scala:17)
	at scala.meta.internal.tokenizers.ScalametaTokenizer$$anon$2.apply(ScalametaTokenizer.scala:332)
	at scala.meta.tokenizers.Api$XtensionTokenizeDialectInput.tokenize(Api.scala:25)
	at scala.meta.tokenizers.Api$XtensionTokenizeInputLike.tokenize(Api.scala:14)
	at scala.meta.internal.metals.SemanticTokensProvider$.getTokens(SemanticTokensProvider.scala:28)
	at scala.meta.internal.metals.SemanticTokensProvider$.provide(SemanticTokensProvider.scala:89)
	at scala.meta.internal.metals.Compilers.$anonfun$semanticTokens$3(Compilers.scala:539)
	at scala.concurrent.impl.Promise$Transformation.run(Promise.scala:467)
	at java.util.concurrent.ThreadPoolExecutor.runWorker(ThreadPoolExecutor.java:1128)
	at java.util.concurrent.ThreadPoolExecutor$Worker.run(ThreadPoolExecutor.java:628)
	at java.lang.Thread.run(Thread.java:829)

2023.11.02 16:59:17 ERROR Failed to tokenize input for semantic tokens for /home/dio/Documents/it/languages/scala/uni/SE/ha01/arithmetic/src/main/scala/Main.scala
scala.meta.tokenizers.TokenizeException: <input>:105: error: unclosed string literal
            +"+
             ^
	at scala.meta.internal.tokenizers.Reporter.syntaxError(Reporter.scala:23)
	at scala.meta.internal.tokenizers.Reporter.syntaxError$(Reporter.scala:23)
	at scala.meta.internal.tokenizers.Reporter$$anon$1.syntaxError(Reporter.scala:33)
	at scala.meta.internal.tokenizers.Reporter.syntaxError(Reporter.scala:25)
	at scala.meta.internal.tokenizers.Reporter.syntaxError$(Reporter.scala:25)
	at scala.meta.internal.tokenizers.Reporter$$anon$1.syntaxError(Reporter.scala:33)
	at scala.meta.internal.tokenizers.LegacyScanner.getStringLit(LegacyScanner.scala:553)
	at scala.meta.internal.tokenizers.LegacyScanner.fetchDoubleQuote$1(LegacyScanner.scala:372)
	at scala.meta.internal.tokenizers.LegacyScanner.fetchToken(LegacyScanner.scala:376)
	at scala.meta.internal.tokenizers.LegacyScanner.nextToken(LegacyScanner.scala:211)
	at scala.meta.internal.tokenizers.LegacyScanner.foreach(LegacyScanner.scala:1011)
	at scala.meta.internal.tokenizers.ScalametaTokenizer.uncachedTokenize(ScalametaTokenizer.scala:24)
	at scala.meta.internal.tokenizers.ScalametaTokenizer.$anonfun$tokenize$1(ScalametaTokenizer.scala:17)
	at scala.collection.concurrent.TrieMap.getOrElseUpdate(TrieMap.scala:962)
	at scala.meta.internal.tokenizers.ScalametaTokenizer.tokenize(ScalametaTokenizer.scala:17)
	at scala.meta.internal.tokenizers.ScalametaTokenizer$$anon$2.apply(ScalametaTokenizer.scala:332)
	at scala.meta.tokenizers.Api$XtensionTokenizeDialectInput.tokenize(Api.scala:25)
	at scala.meta.tokenizers.Api$XtensionTokenizeInputLike.tokenize(Api.scala:14)
	at scala.meta.internal.metals.SemanticTokensProvider$.getTokens(SemanticTokensProvider.scala:28)
	at scala.meta.internal.metals.SemanticTokensProvider$.provide(SemanticTokensProvider.scala:89)
	at scala.meta.internal.metals.Compilers.$anonfun$semanticTokens$3(Compilers.scala:539)
	at scala.concurrent.impl.Promise$Transformation.run(Promise.scala:467)
	at java.util.concurrent.ThreadPoolExecutor.runWorker(ThreadPoolExecutor.java:1128)
	at java.util.concurrent.ThreadPoolExecutor$Worker.run(ThreadPoolExecutor.java:628)
	at java.lang.Thread.run(Thread.java:829)

2023.11.02 16:59:30 ERROR Failed to tokenize input for semantic tokens for /home/dio/Documents/it/languages/scala/uni/SE/ha01/arithmetic/src/main/scala/Main.scala
scala.meta.tokenizers.TokenizeException: <input>:106: error: unclosed string literal
            "ArithmeticExpression.evaluate(expression.productElement(1).asInstanceOf[ArithmeticExpression])
            ^
	at scala.meta.internal.tokenizers.Reporter.syntaxError(Reporter.scala:23)
	at scala.meta.internal.tokenizers.Reporter.syntaxError$(Reporter.scala:23)
	at scala.meta.internal.tokenizers.Reporter$$anon$1.syntaxError(Reporter.scala:33)
	at scala.meta.internal.tokenizers.Reporter.syntaxError(Reporter.scala:25)
	at scala.meta.internal.tokenizers.Reporter.syntaxError$(Reporter.scala:25)
	at scala.meta.internal.tokenizers.Reporter$$anon$1.syntaxError(Reporter.scala:33)
	at scala.meta.internal.tokenizers.LegacyScanner.getStringLit(LegacyScanner.scala:553)
	at scala.meta.internal.tokenizers.LegacyScanner.fetchDoubleQuote$1(LegacyScanner.scala:372)
	at scala.meta.internal.tokenizers.LegacyScanner.fetchToken(LegacyScanner.scala:376)
	at scala.meta.internal.tokenizers.LegacyScanner.nextToken(LegacyScanner.scala:211)
	at scala.meta.internal.tokenizers.LegacyScanner.foreach(LegacyScanner.scala:1011)
	at scala.meta.internal.tokenizers.ScalametaTokenizer.uncachedTokenize(ScalametaTokenizer.scala:24)
	at scala.meta.internal.tokenizers.ScalametaTokenizer.$anonfun$tokenize$1(ScalametaTokenizer.scala:17)
	at scala.collection.concurrent.TrieMap.getOrElseUpdate(TrieMap.scala:962)
	at scala.meta.internal.tokenizers.ScalametaTokenizer.tokenize(ScalametaTokenizer.scala:17)
	at scala.meta.internal.tokenizers.ScalametaTokenizer$$anon$2.apply(ScalametaTokenizer.scala:332)
	at scala.meta.tokenizers.Api$XtensionTokenizeDialectInput.tokenize(Api.scala:25)
	at scala.meta.tokenizers.Api$XtensionTokenizeInputLike.tokenize(Api.scala:14)
	at scala.meta.internal.metals.SemanticTokensProvider$.getTokens(SemanticTokensProvider.scala:28)
	at scala.meta.internal.metals.SemanticTokensProvider$.provide(SemanticTokensProvider.scala:89)
	at scala.meta.internal.metals.Compilers.$anonfun$semanticTokens$3(Compilers.scala:539)
	at scala.concurrent.impl.Promise$Transformation.run(Promise.scala:467)
	at java.util.concurrent.ThreadPoolExecutor.runWorker(ThreadPoolExecutor.java:1128)
	at java.util.concurrent.ThreadPoolExecutor$Worker.run(ThreadPoolExecutor.java:628)
	at java.lang.Thread.run(Thread.java:829)

2023.11.02 16:59:32 ERROR Failed to tokenize input for semantic tokens for /home/dio/Documents/it/languages/scala/uni/SE/ha01/arithmetic/src/main/scala/Main.scala
scala.meta.tokenizers.TokenizeException: <input>:106: error: unclosed string literal
            "(ArithmeticExpression.evaluate(expression.productElement(1).asInstanceOf[ArithmeticExpression])
            ^
	at scala.meta.internal.tokenizers.Reporter.syntaxError(Reporter.scala:23)
	at scala.meta.internal.tokenizers.Reporter.syntaxError$(Reporter.scala:23)
	at scala.meta.internal.tokenizers.Reporter$$anon$1.syntaxError(Reporter.scala:33)
	at scala.meta.internal.tokenizers.Reporter.syntaxError(Reporter.scala:25)
	at scala.meta.internal.tokenizers.Reporter.syntaxError$(Reporter.scala:25)
	at scala.meta.internal.tokenizers.Reporter$$anon$1.syntaxError(Reporter.scala:33)
	at scala.meta.internal.tokenizers.LegacyScanner.getStringLit(LegacyScanner.scala:553)
	at scala.meta.internal.tokenizers.LegacyScanner.fetchDoubleQuote$1(LegacyScanner.scala:372)
	at scala.meta.internal.tokenizers.LegacyScanner.fetchToken(LegacyScanner.scala:376)
	at scala.meta.internal.tokenizers.LegacyScanner.nextToken(LegacyScanner.scala:211)
	at scala.meta.internal.tokenizers.LegacyScanner.foreach(LegacyScanner.scala:1011)
	at scala.meta.internal.tokenizers.ScalametaTokenizer.uncachedTokenize(ScalametaTokenizer.scala:24)
	at scala.meta.internal.tokenizers.ScalametaTokenizer.$anonfun$tokenize$1(ScalametaTokenizer.scala:17)
	at scala.collection.concurrent.TrieMap.getOrElseUpdate(TrieMap.scala:962)
	at scala.meta.internal.tokenizers.ScalametaTokenizer.tokenize(ScalametaTokenizer.scala:17)
	at scala.meta.internal.tokenizers.ScalametaTokenizer$$anon$2.apply(ScalametaTokenizer.scala:332)
	at scala.meta.tokenizers.Api$XtensionTokenizeDialectInput.tokenize(Api.scala:25)
	at scala.meta.tokenizers.Api$XtensionTokenizeInputLike.tokenize(Api.scala:14)
	at scala.meta.internal.metals.SemanticTokensProvider$.getTokens(SemanticTokensProvider.scala:28)
	at scala.meta.internal.metals.SemanticTokensProvider$.provide(SemanticTokensProvider.scala:89)
	at scala.meta.internal.metals.Compilers.$anonfun$semanticTokens$3(Compilers.scala:539)
	at scala.concurrent.impl.Promise$Transformation.run(Promise.scala:467)
	at java.util.concurrent.ThreadPoolExecutor.runWorker(ThreadPoolExecutor.java:1128)
	at java.util.concurrent.ThreadPoolExecutor$Worker.run(ThreadPoolExecutor.java:628)
	at java.lang.Thread.run(Thread.java:829)

2023.11.02 16:59:44 WARN  no build target for: /home/dio/Documents/it/languages/scala/uni/SE/ha01/arithmetic/src/main/scala/Main.scala
2023.11.02 16:59:54 WARN  no build target for: /home/dio/Documents/it/languages/scala/uni/SE/ha01/arithmetic/src/main/scala/Main.scala
2023.11.02 17:00:13 WARN  no build target for: /home/dio/Documents/it/languages/scala/uni/SE/ha01/arithmetic/src/main/scala/Main.scala
2023.11.02 17:00:51 WARN  no build target for: /home/dio/Documents/it/languages/scala/uni/SE/ha01/arithmetic/src/main/scala/Main.scala
2023.11.02 17:01:47 WARN  no build target for: /home/dio/Documents/it/languages/scala/uni/SE/ha01/arithmetic/src/main/scala/Main.scala
2023.11.02 17:02:13 WARN  no build target for: /home/dio/Documents/it/languages/scala/uni/SE/ha01/arithmetic/src/main/scala/Main.scala
2023.11.02 17:03:20 ERROR Failed to tokenize input for semantic tokens for /home/dio/Documents/it/languages/scala/uni/SE/ha01/arithmetic/src/main/scala/Main.scala
scala.meta.tokenizers.TokenizeException: <input>:126: error: illegal character '\u00a8'
            return 
                   ^
	at scala.meta.internal.tokenizers.Reporter.syntaxError(Reporter.scala:23)
	at scala.meta.internal.tokenizers.Reporter.syntaxError$(Reporter.scala:23)
	at scala.meta.internal.tokenizers.Reporter$$anon$1.syntaxError(Reporter.scala:33)
	at scala.meta.internal.tokenizers.Reporter.syntaxError(Reporter.scala:25)
	at scala.meta.internal.tokenizers.Reporter.syntaxError$(Reporter.scala:25)
	at scala.meta.internal.tokenizers.Reporter$$anon$1.syntaxError(Reporter.scala:33)
	at scala.meta.internal.tokenizers.LegacyScanner.fetchOther$1(LegacyScanner.scala:469)
	at scala.meta.internal.tokenizers.LegacyScanner.fetchToken(LegacyScanner.scala:474)
	at scala.meta.internal.tokenizers.LegacyScanner.nextToken(LegacyScanner.scala:211)
	at scala.meta.internal.tokenizers.LegacyScanner.foreach(LegacyScanner.scala:1011)
	at scala.meta.internal.tokenizers.ScalametaTokenizer.uncachedTokenize(ScalametaTokenizer.scala:24)
	at scala.meta.internal.tokenizers.ScalametaTokenizer.$anonfun$tokenize$1(ScalametaTokenizer.scala:17)
	at scala.collection.concurrent.TrieMap.getOrElseUpdate(TrieMap.scala:962)
	at scala.meta.internal.tokenizers.ScalametaTokenizer.tokenize(ScalametaTokenizer.scala:17)
	at scala.meta.internal.tokenizers.ScalametaTokenizer$$anon$2.apply(ScalametaTokenizer.scala:332)
	at scala.meta.tokenizers.Api$XtensionTokenizeDialectInput.tokenize(Api.scala:25)
	at scala.meta.tokenizers.Api$XtensionTokenizeInputLike.tokenize(Api.scala:14)
	at scala.meta.internal.metals.SemanticTokensProvider$.getTokens(SemanticTokensProvider.scala:28)
	at scala.meta.internal.metals.SemanticTokensProvider$.provide(SemanticTokensProvider.scala:89)
	at scala.meta.internal.metals.Compilers.$anonfun$semanticTokens$3(Compilers.scala:539)
	at scala.concurrent.impl.Promise$Transformation.run(Promise.scala:467)
	at java.util.concurrent.ThreadPoolExecutor.runWorker(ThreadPoolExecutor.java:1128)
	at java.util.concurrent.ThreadPoolExecutor$Worker.run(ThreadPoolExecutor.java:628)
	at java.lang.Thread.run(Thread.java:829)

2023.11.02 17:03:22 ERROR Failed to tokenize input for semantic tokens for /home/dio/Documents/it/languages/scala/uni/SE/ha01/arithmetic/src/main/scala/Main.scala
scala.meta.tokenizers.TokenizeException: <input>:126: error: illegal character '\u00a8'
            return 
                   ^
	at scala.meta.internal.tokenizers.Reporter.syntaxError(Reporter.scala:23)
	at scala.meta.internal.tokenizers.Reporter.syntaxError$(Reporter.scala:23)
	at scala.meta.internal.tokenizers.Reporter$$anon$1.syntaxError(Reporter.scala:33)
	at scala.meta.internal.tokenizers.Reporter.syntaxError(Reporter.scala:25)
	at scala.meta.internal.tokenizers.Reporter.syntaxError$(Reporter.scala:25)
	at scala.meta.internal.tokenizers.Reporter$$anon$1.syntaxError(Reporter.scala:33)
	at scala.meta.internal.tokenizers.LegacyScanner.fetchOther$1(LegacyScanner.scala:469)
	at scala.meta.internal.tokenizers.LegacyScanner.fetchToken(LegacyScanner.scala:474)
	at scala.meta.internal.tokenizers.LegacyScanner.nextToken(LegacyScanner.scala:211)
	at scala.meta.internal.tokenizers.LegacyScanner.foreach(LegacyScanner.scala:1011)
	at scala.meta.internal.tokenizers.ScalametaTokenizer.uncachedTokenize(ScalametaTokenizer.scala:24)
	at scala.meta.internal.tokenizers.ScalametaTokenizer.$anonfun$tokenize$1(ScalametaTokenizer.scala:17)
	at scala.collection.concurrent.TrieMap.getOrElseUpdate(TrieMap.scala:962)
	at scala.meta.internal.tokenizers.ScalametaTokenizer.tokenize(ScalametaTokenizer.scala:17)
	at scala.meta.internal.tokenizers.ScalametaTokenizer$$anon$2.apply(ScalametaTokenizer.scala:332)
	at scala.meta.tokenizers.Api$XtensionTokenizeDialectInput.tokenize(Api.scala:25)
	at scala.meta.tokenizers.Api$XtensionTokenizeInputLike.tokenize(Api.scala:14)
	at scala.meta.internal.metals.SemanticTokensProvider$.getTokens(SemanticTokensProvider.scala:28)
	at scala.meta.internal.metals.SemanticTokensProvider$.provide(SemanticTokensProvider.scala:89)
	at scala.meta.internal.metals.Compilers.$anonfun$semanticTokens$3(Compilers.scala:539)
	at scala.concurrent.impl.Promise$Transformation.run(Promise.scala:467)
	at java.util.concurrent.ThreadPoolExecutor.runWorker(ThreadPoolExecutor.java:1128)
	at java.util.concurrent.ThreadPoolExecutor$Worker.run(ThreadPoolExecutor.java:628)
	at java.lang.Thread.run(Thread.java:829)

2023.11.02 17:03:25 WARN  no build target for: /home/dio/Documents/it/languages/scala/uni/SE/ha01/arithmetic/src/main/scala/Main.scala
2023.11.02 17:03:51 WARN  no build target for: /home/dio/Documents/it/languages/scala/uni/SE/ha01/arithmetic/src/main/scala/Main.scala
2023.11.02 17:03:55 WARN  no build target for: /home/dio/Documents/it/languages/scala/uni/SE/ha01/arithmetic/src/main/scala/Main.scala
2023.11.02 17:04:23 WARN  no build target for: /home/dio/Documents/it/languages/scala/uni/SE/ha01/arithmetic/src/main/scala/Main.scala
2023.11.02 17:04:34 WARN  no build target for: /home/dio/Documents/it/languages/scala/uni/SE/ha01/arithmetic/src/main/scala/Main.scala
2023.11.02 17:04:42 WARN  no build target for: /home/dio/Documents/it/languages/scala/uni/SE/ha01/arithmetic/src/main/scala/Main.scala
2023.11.02 17:05:04 WARN  no build target for: /home/dio/Documents/it/languages/scala/uni/SE/ha01/arithmetic/src/main/scala/Main.scala
2023.11.02 17:05:25 WARN  no build target for: /home/dio/Documents/it/languages/scala/uni/SE/ha01/arithmetic/src/main/scala/Main.scala
2023.11.02 17:05:33 WARN  no build target for: /home/dio/Documents/it/languages/scala/uni/SE/ha01/arithmetic/src/main/scala/Main.scala
2023.11.02 17:05:35 WARN  no build target for: /home/dio/Documents/it/languages/scala/uni/SE/ha01/arithmetic/src/main/scala/Main.scala
2023.11.02 17:06:56 WARN  no build target for: /home/dio/Documents/it/languages/scala/uni/SE/ha01/arithmetic/src/main/scala/Main.scala
2023.11.02 17:07:20 WARN  no build target for: /home/dio/Documents/it/languages/scala/uni/SE/ha01/arithmetic/src/main/scala/Main.scala
Nov 02, 2023 5:07:51 PM org.eclipse.lsp4j.jsonrpc.RemoteEndpoint handleCancellation
WARNING: Unmatched cancel notification for request id 9291
2023.11.02 17:07:53 WARN  no build target for: /home/dio/Documents/it/languages/scala/uni/SE/ha01/arithmetic/src/main/scala/Main.scala
2023.11.02 17:08:57 WARN  no build target for: /home/dio/Documents/it/languages/scala/uni/SE/ha01/arithmetic/src/main/scala/Main.scala
Nov 02, 2023 5:10:25 PM org.eclipse.lsp4j.jsonrpc.RemoteEndpoint handleCancellation
WARNING: Unmatched cancel notification for request id 9503
2023.11.02 17:10:27 WARN  no build target for: /home/dio/Documents/it/languages/scala/uni/SE/ha01/arithmetic/src/main/scala/Main.scala
2023.11.02 17:10:35 WARN  no build target for: /home/dio/Documents/it/languages/scala/uni/SE/ha01/arithmetic/src/main/scala/Main.scala
2023.11.02 17:11:38 WARN  no build target for: /home/dio/Documents/it/languages/scala/uni/SE/ha01/arithmetic/src/main/scala/Main.scala
2023.11.02 17:11:49 WARN  no build target for: /home/dio/Documents/it/languages/scala/uni/SE/ha01/arithmetic/src/main/scala/Main.scala
2023.11.02 17:13:01 WARN  no build target for: /home/dio/Documents/it/languages/scala/uni/SE/ha01/arithmetic/src/main/scala/Main.scala
2023.11.02 17:14:48 WARN  no build target for: /home/dio/Documents/it/languages/scala/uni/SE/ha01/arithmetic/src/main/scala/Main.scala
2023.11.02 17:15:33 WARN  no build target for: /home/dio/Documents/it/languages/scala/uni/SE/ha01/arithmetic/src/main/scala/Main.scala
